<?xml version="1.0" encoding="utf-8"?>
<TestRun id="b2f4c30d-e31d-4f17-8a8f-0dbd073ae022" name="bilel@FLASH 2026-02-07 20:22:59" runUser="FLASH\bilel" xmlns="http://microsoft.com/schemas/VisualStudio/TeamTest/2010">
  <Times creation="2026-02-07T20:22:59.3365868+01:00" queuing="2026-02-07T20:22:59.3365876+01:00" start="2026-02-07T20:22:57.4319638+01:00" finish="2026-02-07T20:23:01.8427359+01:00" />
  <TestSettings name="default" id="57cd1541-d967-4ce3-91f2-e5c6853f9c27">
    <Deployment runDeploymentRoot="bilel_FLASH_2026-02-07_20_22_59" />
  </TestSettings>
  <Results>
    <UnitTestResult executionId="d8e22963-a6ad-4c3d-9830-eb10d872456c" testId="6c5bf0c7-49fe-fd53-d74b-d88acd8b9850" testName="DataFlow.Data.Tests.Cross.CancellationTests.CsvCancellation_DoesNotLogError" computerName="FLASH" duration="00:00:00.0424908" startTime="2026-02-07T20:23:01.7062238+01:00" endTime="2026-02-07T20:23:01.7062242+01:00" testType="13cdc9d9-ddb5-4fa4-a97d-d965ccfc6d4b" outcome="Passed" testListId="8c84fa94-04c1-424b-9868-57a2d4851a1d" relativeResultsDirectory="d8e22963-a6ad-4c3d-9830-eb10d872456c" />
    <UnitTestResult executionId="1697e7ee-0c98-4d5b-b396-34c64db3baa7" testId="e30b16ab-6abf-d463-cb37-585c49e555ef" testName="DataFlow.Data.Tests.AdditionalReadTests.Yaml_BasicList_ReadsAllItems" computerName="FLASH" duration="00:00:00.0382829" startTime="2026-02-07T20:22:59.4917789+01:00" endTime="2026-02-07T20:22:59.4917792+01:00" testType="13cdc9d9-ddb5-4fa4-a97d-d965ccfc6d4b" outcome="Passed" testListId="8c84fa94-04c1-424b-9868-57a2d4851a1d" relativeResultsDirectory="1697e7ee-0c98-4d5b-b396-34c64db3baa7" />
    <UnitTestResult executionId="2bea09df-6504-46e1-86f2-ad4f5be15a71" testId="0b6367a4-6635-d195-a8fd-8e89c9217f43" testName="DataFlow.Data.Tests.Csv.SmartDecimalParsingTests.Infer_SingleSeparator_AutoDetectsDecimal(input: &quot;0,99&quot;, expected: 0,98999999999999999)" computerName="FLASH" duration="00:00:00.0000069" startTime="2026-02-07T20:22:59.3388360+01:00" endTime="2026-02-07T20:22:59.3388361+01:00" testType="13cdc9d9-ddb5-4fa4-a97d-d965ccfc6d4b" outcome="Passed" testListId="8c84fa94-04c1-424b-9868-57a2d4851a1d" relativeResultsDirectory="2bea09df-6504-46e1-86f2-ad4f5be15a71" />
    <UnitTestResult executionId="87cea442-dd15-471f-8b4c-e9b44426a250" testId="f1a8d623-1152-261f-378c-bc2a1f7e52da" testName="DataFlow.Data.Tests.Cross.CancellationTests.Csv_ManualBreak_Silent_NoException_Sync" computerName="FLASH" duration="00:00:00.0123925" startTime="2026-02-07T20:23:01.6029095+01:00" endTime="2026-02-07T20:23:01.6029103+01:00" testType="13cdc9d9-ddb5-4fa4-a97d-d965ccfc6d4b" outcome="Passed" testListId="8c84fa94-04c1-424b-9868-57a2d4851a1d" relativeResultsDirectory="87cea442-dd15-471f-8b4c-e9b44426a250" />
    <UnitTestResult executionId="2b09a6aa-3ada-4dab-aa0d-8dec7a0ce7ec" testId="a3111c3e-64ef-7120-2c1a-424b3fe75630" testName="DataFlow.Data.Tests.Csv.SmartDecimalParsingTests.NormalizeDecimalString_PureInteger_ReturnsNull" computerName="FLASH" duration="00:00:00.0002459" startTime="2026-02-07T20:22:59.4518979+01:00" endTime="2026-02-07T20:22:59.4518981+01:00" testType="13cdc9d9-ddb5-4fa4-a97d-d965ccfc6d4b" outcome="Passed" testListId="8c84fa94-04c1-424b-9868-57a2d4851a1d" relativeResultsDirectory="2b09a6aa-3ada-4dab-aa0d-8dec7a0ce7ec" />
    <UnitTestResult executionId="28aaea5b-2e85-4a19-b648-7ba839ab6197" testId="899fcaf3-7bfb-4bcc-5c56-4a41ce198ee3" testName="DataFlow.Data.Tests.ReadLayerCoverageTests.CsvSync_TabSeparator_ParsesCorrectly" computerName="FLASH" duration="00:00:00.0010703" startTime="2026-02-07T20:22:59.4882680+01:00" endTime="2026-02-07T20:22:59.4882683+01:00" testType="13cdc9d9-ddb5-4fa4-a97d-d965ccfc6d4b" outcome="Passed" testListId="8c84fa94-04c1-424b-9868-57a2d4851a1d" relativeResultsDirectory="28aaea5b-2e85-4a19-b648-7ba839ab6197" />
    <UnitTestResult executionId="2be92ce8-c134-4fc2-83ea-0e86b09a9ccc" testId="d8c852fd-27ab-8f8a-42ac-e22a17ef8eee" testName="DataFlow.Data.Tests.Cross.CancellationTests.Csv_ManualBreak_Silent_NoException" computerName="FLASH" duration="00:00:00.3111461" startTime="2026-02-07T20:22:59.4931580+01:00" endTime="2026-02-07T20:22:59.4931581+01:00" testType="13cdc9d9-ddb5-4fa4-a97d-d965ccfc6d4b" outcome="Passed" testListId="8c84fa94-04c1-424b-9868-57a2d4851a1d" relativeResultsDirectory="2be92ce8-c134-4fc2-83ea-0e86b09a9ccc" />
    <UnitTestResult executionId="7ab3cc8a-2d22-4bce-b731-9acd97715e45" testId="08afb612-8c35-efca-913c-78275c9a391b" testName="DataFlow.Data.Tests.Csv.CsvParserTests.StrayQuote_Error_Reported(asyncMode: False)" computerName="FLASH" duration="00:00:00.0090218" startTime="2026-02-07T20:22:59.7148832+01:00" endTime="2026-02-07T20:22:59.7148836+01:00" testType="13cdc9d9-ddb5-4fa4-a97d-d965ccfc6d4b" outcome="Passed" testListId="8c84fa94-04c1-424b-9868-57a2d4851a1d" relativeResultsDirectory="7ab3cc8a-2d22-4bce-b731-9acd97715e45" />
    <UnitTestResult executionId="f0a6a4e9-942f-49c7-9657-a5ecdd02e260" testId="dfd1197a-694e-8ca9-aa89-37e32a165bad" testName="DataFlow.Data.Tests.Csv.SmartDecimalParsingTests.Infer_SingleSeparator_AutoDetectsDecimal(input: &quot;0.99&quot;, expected: 0,98999999999999999)" computerName="FLASH" duration="00:00:00.0064233" startTime="2026-02-07T20:22:59.3363613+01:00" endTime="2026-02-07T20:22:59.3363614+01:00" testType="13cdc9d9-ddb5-4fa4-a97d-d965ccfc6d4b" outcome="Passed" testListId="8c84fa94-04c1-424b-9868-57a2d4851a1d" relativeResultsDirectory="f0a6a4e9-942f-49c7-9657-a5ecdd02e260" />
    <UnitTestResult executionId="f1c90a7f-4f31-412f-9093-a9751e9a85d2" testId="236e8b58-bde5-57c7-c2c0-ef74240272ac" testName="DataFlow.Data.Tests.Json.JsonNullHandlingTests.JsonSync_NullOnNonNullable_SkipMode_SkipsBadRecords" computerName="FLASH" duration="00:00:00.0047352" startTime="2026-02-07T20:22:59.3707594+01:00" endTime="2026-02-07T20:22:59.3707596+01:00" testType="13cdc9d9-ddb5-4fa4-a97d-d965ccfc6d4b" outcome="Passed" testListId="8c84fa94-04c1-424b-9868-57a2d4851a1d" relativeResultsDirectory="f1c90a7f-4f31-412f-9093-a9751e9a85d2" />
    <UnitTestResult executionId="418638a3-6b57-4d8b-9d0c-a6a19c305f73" testId="62640440-9f2b-7602-955d-3081f6309823" testName="DataFlow.Data.Tests.Cross.CancellationTests.Csv_Cancellation_DuringCrossBuffer_CRLF" computerName="FLASH" duration="00:00:00.0163221" startTime="2026-02-07T20:22:59.8425251+01:00" endTime="2026-02-07T20:22:59.8425254+01:00" testType="13cdc9d9-ddb5-4fa4-a97d-d965ccfc6d4b" outcome="Passed" testListId="8c84fa94-04c1-424b-9868-57a2d4851a1d" relativeResultsDirectory="418638a3-6b57-4d8b-9d0c-a6a19c305f73" />
    <UnitTestResult executionId="d08856fb-045d-4ae2-96b8-fffe13a6c24c" testId="e74011e4-32d7-d495-2daa-c9aefb6c7d49" testName="DataFlow.Data.Tests.Cross.StopActionTests.Json_Stop_Stops_On_Error" computerName="FLASH" duration="00:00:00.0881238" startTime="2026-02-07T20:22:59.5754410+01:00" endTime="2026-02-07T20:22:59.5754413+01:00" testType="13cdc9d9-ddb5-4fa4-a97d-d965ccfc6d4b" outcome="Passed" testListId="8c84fa94-04c1-424b-9868-57a2d4851a1d" relativeResultsDirectory="d08856fb-045d-4ae2-96b8-fffe13a6c24c" />
    <UnitTestResult executionId="23406dca-6095-468c-8020-3956bd5c368a" testId="de028b66-10e6-4083-2963-617d29c82201" testName="DataFlow.Data.Tests.ReadLayerCoverageTests.Text_EmptyFile_ReadsEmpty" computerName="FLASH" duration="00:00:00.0018712" startTime="2026-02-07T20:22:59.5311716+01:00" endTime="2026-02-07T20:22:59.5311717+01:00" testType="13cdc9d9-ddb5-4fa4-a97d-d965ccfc6d4b" outcome="Passed" testListId="8c84fa94-04c1-424b-9868-57a2d4851a1d" relativeResultsDirectory="23406dca-6095-468c-8020-3956bd5c368a" />
    <UnitTestResult executionId="4ac13f72-aab6-4e02-9cf9-dd8a25c55287" testId="ca91e3da-c0a2-e13e-d0c6-483ac7dbb753" testName="DataFlow.Data.Tests.Csv.CsvErrorRecoveryTests.CsvSync_HeaderOnly_Chunked" computerName="FLASH" duration="00:00:00.0007323" startTime="2026-02-07T20:22:59.6103689+01:00" endTime="2026-02-07T20:22:59.6103691+01:00" testType="13cdc9d9-ddb5-4fa4-a97d-d965ccfc6d4b" outcome="Passed" testListId="8c84fa94-04c1-424b-9868-57a2d4851a1d" relativeResultsDirectory="4ac13f72-aab6-4e02-9cf9-dd8a25c55287" />
    <UnitTestResult executionId="9d7db94b-0bed-431e-97d5-1ba590e08927" testId="83aa321b-b294-2b8f-0c72-6dc250782d27" testName="DataFlow.Data.Tests.Json.JsonCoverageTests.JsonSync_WithSpecialCharacters_Works" computerName="FLASH" duration="00:00:00.0010182" startTime="2026-02-07T20:22:59.5212816+01:00" endTime="2026-02-07T20:22:59.5212817+01:00" testType="13cdc9d9-ddb5-4fa4-a97d-d965ccfc6d4b" outcome="Passed" testListId="8c84fa94-04c1-424b-9868-57a2d4851a1d" relativeResultsDirectory="9d7db94b-0bed-431e-97d5-1ba590e08927" />
    <UnitTestResult executionId="888b9dfc-2e69-4343-a1f7-a0c981b99858" testId="15da0e4b-5867-f1ff-4c1a-3873c75ecbfc" testName="DataFlow.Data.Tests.Csv.CsvParserTests.StrayQuote_Error_Reported(asyncMode: True)" computerName="FLASH" duration="00:00:00.0133178" startTime="2026-02-07T20:22:59.7056115+01:00" endTime="2026-02-07T20:22:59.7056118+01:00" testType="13cdc9d9-ddb5-4fa4-a97d-d965ccfc6d4b" outcome="Passed" testListId="8c84fa94-04c1-424b-9868-57a2d4851a1d" relativeResultsDirectory="888b9dfc-2e69-4343-a1f7-a0c981b99858" />
    <UnitTestResult executionId="35fd04e0-cc5f-407b-94cb-8bad20d036e2" testId="41f51708-46a5-3007-3f46-b44824e0b5a0" testName="DataFlow.Data.Tests.ReadLayerCoverageTests.Csv_ErrorActionStop_StopsOnFirstError" computerName="FLASH" duration="00:00:00.0247887" startTime="2026-02-07T20:22:59.3610780+01:00" endTime="2026-02-07T20:22:59.3610783+01:00" testType="13cdc9d9-ddb5-4fa4-a97d-d965ccfc6d4b" outcome="Passed" testListId="8c84fa94-04c1-424b-9868-57a2d4851a1d" relativeResultsDirectory="35fd04e0-cc5f-407b-94cb-8bad20d036e2" />
    <UnitTestResult executionId="d5727dce-af50-473b-a71d-c7d3d1c2ae00" testId="bfd4968a-700e-44ce-5f58-14ed625b486e" testName="LinesRead newline counting scenarios (sync + async)(mode: Sync, scenarioName: &quot;NoTrailingNewline&quot;, expectedRows: 1, expectedLinesRead: 1, content: &quot;Id,Text\n1,HelloWorld&quot;)" computerName="FLASH" duration="00:00:00.0341183" startTime="2026-02-07T20:22:59.6133128+01:00" endTime="2026-02-07T20:22:59.6133133+01:00" testType="13cdc9d9-ddb5-4fa4-a97d-d965ccfc6d4b" outcome="Passed" testListId="8c84fa94-04c1-424b-9868-57a2d4851a1d" relativeResultsDirectory="d5727dce-af50-473b-a71d-c7d3d1c2ae00" />
    <UnitTestResult executionId="10a450f0-44ec-47fd-ab9e-40be7f32c060" testId="023d4c1c-ca14-39b0-dafa-3d7989871253" testName="DataFlow.Data.Tests.Csv.CsvCultureTests.CsvAsync_FrenchCulture_Works" computerName="FLASH" duration="00:00:00.1949973" startTime="2026-02-07T20:22:59.5362580+01:00" endTime="2026-02-07T20:22:59.5362582+01:00" testType="13cdc9d9-ddb5-4fa4-a97d-d965ccfc6d4b" outcome="Passed" testListId="8c84fa94-04c1-424b-9868-57a2d4851a1d" relativeResultsDirectory="10a450f0-44ec-47fd-ab9e-40be7f32c060" />
    <UnitTestResult executionId="b4e2f86d-9bbf-4078-9f57-e88e0d92fbff" testId="79a61475-915e-82ad-c0e7-99f927a8d4eb" testName="MaxRawRecordLength exact boundary passes" computerName="FLASH" duration="00:00:00.0086816" startTime="2026-02-07T20:22:59.6243285+01:00" endTime="2026-02-07T20:22:59.6243288+01:00" testType="13cdc9d9-ddb5-4fa4-a97d-d965ccfc6d4b" outcome="Passed" testListId="8c84fa94-04c1-424b-9868-57a2d4851a1d" relativeResultsDirectory="b4e2f86d-9bbf-4078-9f57-e88e0d92fbff" />
    <UnitTestResult executionId="2a840fd7-04ac-4e0d-814a-0744d84f1282" testId="09f4eea2-d542-ddbb-17f3-412112a44d9a" testName="DataFlow.Data.Tests.Cross.CancellationTests.CsvMidReadCancellation_ThrowsOCE" computerName="FLASH" duration="00:00:00.0487274" startTime="2026-02-07T20:23:01.5174521+01:00" endTime="2026-02-07T20:23:01.5174525+01:00" testType="13cdc9d9-ddb5-4fa4-a97d-d965ccfc6d4b" outcome="Passed" testListId="8c84fa94-04c1-424b-9868-57a2d4851a1d" relativeResultsDirectory="2a840fd7-04ac-4e0d-814a-0744d84f1282" />
    <UnitTestResult executionId="f7e78948-9806-4224-8238-41368b757853" testId="ed7779b3-52bd-7679-b2ac-ebd2fecef467" testName="DataFlow.Data.Tests.Csv.SmartDecimalParsingTests.NormalizeDecimalString_EdgeCases_DoNotThrow(input: &quot;   &quot;)" computerName="FLASH" duration="00:00:00.0004377" startTime="2026-02-07T20:22:59.3968609+01:00" endTime="2026-02-07T20:22:59.3968611+01:00" testType="13cdc9d9-ddb5-4fa4-a97d-d965ccfc6d4b" outcome="Passed" testListId="8c84fa94-04c1-424b-9868-57a2d4851a1d" relativeResultsDirectory="f7e78948-9806-4224-8238-41368b757853" />
    <UnitTestResult executionId="50912a88-8a58-4992-9441-5d0006ba3007" testId="39e42352-4d32-c02f-3448-043c9263fdbc" testName="DataFlow.Data.Tests.ReadLayerCoverageTests.Csv_VeryLongField_Handled" computerName="FLASH" duration="00:00:00.0079042" startTime="2026-02-07T20:22:59.5015805+01:00" endTime="2026-02-07T20:22:59.5015808+01:00" testType="13cdc9d9-ddb5-4fa4-a97d-d965ccfc6d4b" outcome="Passed" testListId="8c84fa94-04c1-424b-9868-57a2d4851a1d" relativeResultsDirectory="50912a88-8a58-4992-9441-5d0006ba3007" />
    <UnitTestResult executionId="33cfe0cd-90a9-4784-8fee-de75c17f2153" testId="e7f56d34-24ab-65f4-30b2-7e1b5b756685" testName="DataFlow.Data.Tests.Cross.StopActionTests.Yaml_Stop_SecurityViolation_Sets_TerminatedEarly" computerName="FLASH" duration="00:00:00.0061448" startTime="2026-02-07T20:22:59.5817809+01:00" endTime="2026-02-07T20:22:59.5817812+01:00" testType="13cdc9d9-ddb5-4fa4-a97d-d965ccfc6d4b" outcome="Passed" testListId="8c84fa94-04c1-424b-9868-57a2d4851a1d" relativeResultsDirectory="33cfe0cd-90a9-4784-8fee-de75c17f2153" />
    <UnitTestResult executionId="b856908f-3740-4df2-9253-49240827bbe8" testId="e60ec7ef-6732-42c7-906d-04e002c56d09" testName="DataFlow.Data.Tests.Json.JsonBufferBoundaryTests.JsonSync_Unicode_ChunkedAcrossCharBoundary(chunkSize: 3)" computerName="FLASH" duration="00:00:00.0007326" startTime="2026-02-07T20:22:59.3116576+01:00" endTime="2026-02-07T20:22:59.3116577+01:00" testType="13cdc9d9-ddb5-4fa4-a97d-d965ccfc6d4b" outcome="Passed" testListId="8c84fa94-04c1-424b-9868-57a2d4851a1d" relativeResultsDirectory="b856908f-3740-4df2-9253-49240827bbe8" />
    <UnitTestResult executionId="d69f7583-a587-427f-ab74-27b34121cd8c" testId="3187412e-3d8f-9280-aa89-ca459cd6a7d9" testName="DataFlow.Data.Tests.Json.JsonSingleRootValidationStreamTests.SingleRoot_Validation_ErrorAction_Stop_Sets_TerminatedEarly" computerName="FLASH" duration="00:00:00.0575445" startTime="2026-02-07T20:22:59.2342431+01:00" endTime="2026-02-07T20:22:59.2342436+01:00" testType="13cdc9d9-ddb5-4fa4-a97d-d965ccfc6d4b" outcome="Passed" testListId="8c84fa94-04c1-424b-9868-57a2d4851a1d" relativeResultsDirectory="d69f7583-a587-427f-ab74-27b34121cd8c" />
    <UnitTestResult executionId="1d5aba84-8d82-4696-8f60-73ad74db9c14" testId="42633af4-c2f4-b31d-9b57-d7acabe2f26e" testName="DataFlow.Data.Tests.Csv.CsvParserTests.TrailingGarbageAfterQuote_Error_When_Strict(asyncMode: True)" computerName="FLASH" duration="00:00:00.0117214" startTime="2026-02-07T20:22:59.6222052+01:00" endTime="2026-02-07T20:22:59.6222056+01:00" testType="13cdc9d9-ddb5-4fa4-a97d-d965ccfc6d4b" outcome="Passed" testListId="8c84fa94-04c1-424b-9868-57a2d4851a1d" relativeResultsDirectory="1d5aba84-8d82-4696-8f60-73ad74db9c14" />
    <UnitTestResult executionId="e2155325-d3d6-4e32-8d54-98a4ee601b49" testId="b53709c2-7733-a29a-68bc-4cdf44af102a" testName="DataFlow.Data.Tests.Text.TextParserCoverageTests.TextSync_Stream_UnicodeContent" computerName="FLASH" duration="00:00:00.0007467" startTime="2026-02-07T20:22:59.5744110+01:00" endTime="2026-02-07T20:22:59.5744111+01:00" testType="13cdc9d9-ddb5-4fa4-a97d-d965ccfc6d4b" outcome="Passed" testListId="8c84fa94-04c1-424b-9868-57a2d4851a1d" relativeResultsDirectory="e2155325-d3d6-4e32-8d54-98a4ee601b49" />
    <UnitTestResult executionId="4d0ea317-fc88-4670-9457-cffa1e255282" testId="68f3a353-702a-9738-6eb6-30a44e5c969d" testName="DataFlow.Data.Tests.Csv.SmartDecimalParsingTests.Infer_AmbiguousFormat_FallsBackToFormatProvider(input: &quot;1.234&quot;)" computerName="FLASH" duration="00:00:00.0195601" startTime="2026-02-07T20:22:59.3586498+01:00" endTime="2026-02-07T20:22:59.3586501+01:00" testType="13cdc9d9-ddb5-4fa4-a97d-d965ccfc6d4b" outcome="Passed" testListId="8c84fa94-04c1-424b-9868-57a2d4851a1d" relativeResultsDirectory="4d0ea317-fc88-4670-9457-cffa1e255282" />
    <UnitTestResult executionId="92b9040c-1fc5-4253-8611-e9975fa8c901" testId="31fe5188-b19c-d30f-ab52-7d46f8e97a85" testName="DataFlow.Data.Tests.Csv.SmartDecimalParsingTests.Infer_SpaceThousands_AutoDetectsDecimal(input: &quot;1 234.56&quot;, expected: 1234,5599999999999)" computerName="FLASH" duration="00:00:00.0004261" startTime="2026-02-07T20:22:59.3977403+01:00" endTime="2026-02-07T20:22:59.3977406+01:00" testType="13cdc9d9-ddb5-4fa4-a97d-d965ccfc6d4b" outcome="Passed" testListId="8c84fa94-04c1-424b-9868-57a2d4851a1d" relativeResultsDirectory="92b9040c-1fc5-4253-8611-e9975fa8c901" />
    <UnitTestResult executionId="6c027b6f-06d8-42d1-8f6a-8ac39e5810e3" testId="7eb2aa32-747b-2568-b004-33300205d17b" testName="DataFlow.Data.Tests.ReadLayerCoverageTests.TextSync_WithOptions_TracksMetrics" computerName="FLASH" duration="00:00:00.0006357" startTime="2026-02-07T20:22:59.4929256+01:00" endTime="2026-02-07T20:22:59.4929258+01:00" testType="13cdc9d9-ddb5-4fa4-a97d-d965ccfc6d4b" outcome="Passed" testListId="8c84fa94-04c1-424b-9868-57a2d4851a1d" relativeResultsDirectory="6c027b6f-06d8-42d1-8f6a-8ac39e5810e3" />
    <UnitTestResult executionId="6690a870-8ab9-4684-a470-c7cdf5155d8e" testId="f3c326a2-5520-c6b5-6f72-af3b196e69c7" testName="LinesRead newline counting scenarios (sync + async)(mode: Async, scenarioName: &quot;MultipleEmbeddedNewlines&quot;, expectedRows: 3, expectedLinesRead: 6, content: &quot;Id,Text\n1,\&quot;A\nB\nC\&quot;\n2,\&quot;D\nE\&quot;\n3,\&quot;Tail\&quot;&quot;)" computerName="FLASH" duration="00:00:00.0064329" startTime="2026-02-07T20:22:59.6233454+01:00" endTime="2026-02-07T20:22:59.6233456+01:00" testType="13cdc9d9-ddb5-4fa4-a97d-d965ccfc6d4b" outcome="Passed" testListId="8c84fa94-04c1-424b-9868-57a2d4851a1d" relativeResultsDirectory="6690a870-8ab9-4684-a470-c7cdf5155d8e" />
    <UnitTestResult executionId="760d1e77-cb35-4d4f-9ac3-4d808936de48" testId="3d8e9687-ad1c-7b08-909f-73b550be5ab4" testName="DataFlow.Data.Tests.Cross.CancellationTests.CsvPreCanceledToken_ThrowsOCE" computerName="FLASH" duration="00:00:00.0056203" startTime="2026-02-07T20:23:00.6760534+01:00" endTime="2026-02-07T20:23:00.6760541+01:00" testType="13cdc9d9-ddb5-4fa4-a97d-d965ccfc6d4b" outcome="Passed" testListId="8c84fa94-04c1-424b-9868-57a2d4851a1d" relativeResultsDirectory="760d1e77-cb35-4d4f-9ac3-4d808936de48" />
    <UnitTestResult executionId="9156a333-a08a-4a6f-8eb6-6b3666003667" testId="92476f7d-fb04-9e0f-dd62-22140f80c697" testName="DataFlow.Data.Tests.SimpleStreamOverloadsTests.Csv_Stream_Simple_MutableClass_ReadsAllRows" computerName="FLASH" duration="00:00:00.0110247" startTime="2026-02-07T20:22:59.5796961+01:00" endTime="2026-02-07T20:22:59.5796963+01:00" testType="13cdc9d9-ddb5-4fa4-a97d-d965ccfc6d4b" outcome="Passed" testListId="8c84fa94-04c1-424b-9868-57a2d4851a1d" relativeResultsDirectory="9156a333-a08a-4a6f-8eb6-6b3666003667" />
    <UnitTestResult executionId="b8adfb9e-c44a-4702-97c3-223e71734e1a" testId="59212d7b-f900-48f4-ad22-469546e3bce6" testName="DataFlow.Data.Tests.Text.TextParserCoverageTests.TextSync_Stream_EmptyFile" computerName="FLASH" duration="00:00:00.0030609" startTime="2026-02-07T20:22:59.3140322+01:00" endTime="2026-02-07T20:22:59.3140324+01:00" testType="13cdc9d9-ddb5-4fa4-a97d-d965ccfc6d4b" outcome="Passed" testListId="8c84fa94-04c1-424b-9868-57a2d4851a1d" relativeResultsDirectory="b8adfb9e-c44a-4702-97c3-223e71734e1a" />
    <UnitTestResult executionId="c6c2b76f-a389-4e6e-964e-08665b284832" testId="e07d3f48-e43a-9248-cbd3-8be18e0eb750" testName="DataFlow.Data.Tests.Cross.CancellationTests.Csv_PreCancellation_ThrowsImmediately_Sync" computerName="FLASH" duration="00:00:00.0024841" startTime="2026-02-07T20:23:01.4657488+01:00" endTime="2026-02-07T20:23:01.4657490+01:00" testType="13cdc9d9-ddb5-4fa4-a97d-d965ccfc6d4b" outcome="Passed" testListId="8c84fa94-04c1-424b-9868-57a2d4851a1d" relativeResultsDirectory="c6c2b76f-a389-4e6e-964e-08665b284832" />
    <UnitTestResult executionId="696ef769-faf5-408b-9cda-6546ed02d35d" testId="324aaf93-ba0c-639d-5e1a-5c2f78f56dd8" testName="DataFlow.Data.Tests.Cross.CancellationTests.CsvCancellation_DoesNotSetCompletedUtc" computerName="FLASH" duration="00:00:00.0327555" startTime="2026-02-07T20:22:59.9198490+01:00" endTime="2026-02-07T20:22:59.9198496+01:00" testType="13cdc9d9-ddb5-4fa4-a97d-d965ccfc6d4b" outcome="Passed" testListId="8c84fa94-04c1-424b-9868-57a2d4851a1d" relativeResultsDirectory="696ef769-faf5-408b-9cda-6546ed02d35d" />
    <UnitTestResult executionId="664eaece-2f77-4b41-b533-d7d6611e57ac" testId="dc3b5bf4-0d72-224d-d66a-07e8db37d544" testName="DataFlow.Data.Tests.Cross.ProgressTests.Csv_Progress_Emitted" computerName="FLASH" duration="00:00:00.1802509" startTime="2026-02-07T20:22:59.5781410+01:00" endTime="2026-02-07T20:22:59.5781412+01:00" testType="13cdc9d9-ddb5-4fa4-a97d-d965ccfc6d4b" outcome="Passed" testListId="8c84fa94-04c1-424b-9868-57a2d4851a1d" relativeResultsDirectory="664eaece-2f77-4b41-b533-d7d6611e57ac" />
    <UnitTestResult executionId="9e7661c4-25a2-4e32-a514-1b2ae5ac5e35" testId="a7637e3b-c2f8-24ee-f7b8-fd3158a2686f" testName="DataFlow.Data.Tests.Csv.SmartDecimalParsingTests.Infer_MultipleSameSeparators_TreatsAsThousands(input: &quot;1,234,567&quot;, expected: 1234567)" computerName="FLASH" duration="00:00:00.0007287" startTime="2026-02-07T20:22:59.3954379+01:00" endTime="2026-02-07T20:22:59.3954386+01:00" testType="13cdc9d9-ddb5-4fa4-a97d-d965ccfc6d4b" outcome="Passed" testListId="8c84fa94-04c1-424b-9868-57a2d4851a1d" relativeResultsDirectory="9e7661c4-25a2-4e32-a514-1b2ae5ac5e35" />
    <UnitTestResult executionId="68452432-4b94-4dc3-aeeb-a5685c92aefe" testId="2160add1-afe8-1d49-04bf-cfcb21da5b99" testName="DataFlow.Data.Tests.Json.JsonCoverageTests.JsonAsync_SimpleOverload_Works" computerName="FLASH" duration="00:00:00.0404944" startTime="2026-02-07T20:22:59.6196269+01:00" endTime="2026-02-07T20:22:59.6196272+01:00" testType="13cdc9d9-ddb5-4fa4-a97d-d965ccfc6d4b" outcome="Passed" testListId="8c84fa94-04c1-424b-9868-57a2d4851a1d" relativeResultsDirectory="68452432-4b94-4dc3-aeeb-a5685c92aefe" />
    <UnitTestResult executionId="88515909-6d72-4da3-b066-453a4c89599e" testId="54d81705-8dce-be5f-1e69-22bd97d3f81d" testName="DataFlow.Data.Tests.SimpleStreamOverloadsTests.Json_Stream_Simple_ReadsAllItems" computerName="FLASH" duration="00:00:00.0021231" startTime="2026-02-07T20:22:59.5688965+01:00" endTime="2026-02-07T20:22:59.5688970+01:00" testType="13cdc9d9-ddb5-4fa4-a97d-d965ccfc6d4b" outcome="Passed" testListId="8c84fa94-04c1-424b-9868-57a2d4851a1d" relativeResultsDirectory="88515909-6d72-4da3-b066-453a4c89599e" />
    <UnitTestResult executionId="8bd27084-73b3-451b-a641-76ea9357916b" testId="c7500419-a8d9-bf0c-4908-c88ef7bc0f1f" testName="DataFlow.Data.Tests.Text.TextReaderTests.Reads_All_Lines_Sync" computerName="FLASH" duration="00:00:00.0040387" startTime="2026-02-07T20:22:59.5832890+01:00" endTime="2026-02-07T20:22:59.5832894+01:00" testType="13cdc9d9-ddb5-4fa4-a97d-d965ccfc6d4b" outcome="Passed" testListId="8c84fa94-04c1-424b-9868-57a2d4851a1d" relativeResultsDirectory="8bd27084-73b3-451b-a641-76ea9357916b" />
    <UnitTestResult executionId="02ddb125-6ee4-4306-bc56-fca490ee038a" testId="367dbec8-57b7-87c7-c4de-ac3585f5332e" testName="DataFlow.Data.Tests.Csv.CsvInferenceTests.Inference_Demotes_OnRuntime_Failure" computerName="FLASH" duration="00:00:00.0765367" startTime="2026-02-07T20:22:59.6076471+01:00" endTime="2026-02-07T20:22:59.6076473+01:00" testType="13cdc9d9-ddb5-4fa4-a97d-d965ccfc6d4b" outcome="Passed" testListId="8c84fa94-04c1-424b-9868-57a2d4851a1d" relativeResultsDirectory="02ddb125-6ee4-4306-bc56-fca490ee038a" />
    <UnitTestResult executionId="c3f35ebd-78d5-42fd-819a-271c1bc188fe" testId="3cf0fbcb-33b4-804a-e95b-0acd9844a8df" testName="DataFlow.Data.Tests.ReadLayerCoverageTests.Json_ErrorActionSkip_ContinuesOnError" computerName="FLASH" duration="00:00:00.0026108" startTime="2026-02-07T20:22:59.5742900+01:00" endTime="2026-02-07T20:22:59.5742902+01:00" testType="13cdc9d9-ddb5-4fa4-a97d-d965ccfc6d4b" outcome="Passed" testListId="8c84fa94-04c1-424b-9868-57a2d4851a1d" relativeResultsDirectory="c3f35ebd-78d5-42fd-819a-271c1bc188fe" />
    <UnitTestResult executionId="700100ec-53db-47da-ab9e-749bf4511830" testId="8b97f148-ffa7-e4ec-8a9d-cb213097e6b0" testName="Row exactly at MaxColumnsPerRow passes" computerName="FLASH" duration="00:00:00.0240559" startTime="2026-02-07T20:22:59.6593142+01:00" endTime="2026-02-07T20:22:59.6593145+01:00" testType="13cdc9d9-ddb5-4fa4-a97d-d965ccfc6d4b" outcome="Passed" testListId="8c84fa94-04c1-424b-9868-57a2d4851a1d" relativeResultsDirectory="700100ec-53db-47da-ab9e-749bf4511830" />
    <UnitTestResult executionId="d463f80c-8f61-4219-a580-b65909d716ed" testId="07b7b681-726b-4b5e-f566-47eeaef1d430" testName="DataFlow.Data.Tests.Csv.CsvCoverageTests.CsvAsync_File_Works" computerName="FLASH" duration="00:00:00.0190609" startTime="2026-02-07T20:22:59.6424640+01:00" endTime="2026-02-07T20:22:59.6424644+01:00" testType="13cdc9d9-ddb5-4fa4-a97d-d965ccfc6d4b" outcome="Passed" testListId="8c84fa94-04c1-424b-9868-57a2d4851a1d" relativeResultsDirectory="d463f80c-8f61-4219-a580-b65909d716ed" />
    <UnitTestResult executionId="8a46c5f7-cd4d-4fa9-8eae-777ed4a7963d" testId="000600fa-baed-95e7-1732-b35cd4e32238" testName="DataFlow.Data.Tests.Csv.CsvErrorRecoveryTests.CsvSync_Chunked_MetricsAreAccurate" computerName="FLASH" duration="00:00:00.0008819" startTime="2026-02-07T20:22:59.6066755+01:00" endTime="2026-02-07T20:22:59.6066757+01:00" testType="13cdc9d9-ddb5-4fa4-a97d-d965ccfc6d4b" outcome="Passed" testListId="8c84fa94-04c1-424b-9868-57a2d4851a1d" relativeResultsDirectory="8a46c5f7-cd4d-4fa9-8eae-777ed4a7963d" />
    <UnitTestResult executionId="f39e6c90-f71b-4cb8-91dd-1625fb2bd590" testId="5b4cbc25-79c6-a905-4e64-333757a81936" testName="DataFlow.Data.Tests.Json.JsonNullHandlingTests.JsonSync_NullOnNonNullable_DefaultThrows" computerName="FLASH" duration="00:00:00.0853478" startTime="2026-02-07T20:22:59.3290831+01:00" endTime="2026-02-07T20:22:59.3290833+01:00" testType="13cdc9d9-ddb5-4fa4-a97d-d965ccfc6d4b" outcome="Passed" testListId="8c84fa94-04c1-424b-9868-57a2d4851a1d" relativeResultsDirectory="f39e6c90-f71b-4cb8-91dd-1625fb2bd590" />
    <UnitTestResult executionId="4e09a4c1-cf3f-4438-ab53-d5afc2ad21aa" testId="f0070e0f-abe5-92d7-79d7-1e10de087125" testName="DataFlow.Data.Tests.Csv.CsvErrorRecoveryTests.CsvSync_EmptyFile_Chunked" computerName="FLASH" duration="00:00:00.0006008" startTime="2026-02-07T20:22:59.6112055+01:00" endTime="2026-02-07T20:22:59.6112057+01:00" testType="13cdc9d9-ddb5-4fa4-a97d-d965ccfc6d4b" outcome="Passed" testListId="8c84fa94-04c1-424b-9868-57a2d4851a1d" relativeResultsDirectory="4e09a4c1-cf3f-4438-ab53-d5afc2ad21aa" />
    <UnitTestResult executionId="440aee70-a0a4-4ffc-8503-f093f4d42804" testId="b30d7146-db85-854c-1478-32707e8cdad9" testName="DataFlow.Data.Tests.Text.TextParserCoverageTests.TextSync_Stream_BasicReading" computerName="FLASH" duration="00:00:00.0007733" startTime="2026-02-07T20:22:59.5734118+01:00" endTime="2026-02-07T20:22:59.5734119+01:00" testType="13cdc9d9-ddb5-4fa4-a97d-d965ccfc6d4b" outcome="Passed" testListId="8c84fa94-04c1-424b-9868-57a2d4851a1d" relativeResultsDirectory="440aee70-a0a4-4ffc-8503-f093f4d42804" />
    <UnitTestResult executionId="222eaa46-0de4-4a27-80a4-101b77fbb2f0" testId="c79539a9-023e-07c9-731e-454c0f19b94c" testName="DataFlow.Data.Tests.ReadLayerCoverageTests.Json_EscapedStrings_Handled" computerName="FLASH" duration="00:00:00.0020863" startTime="2026-02-07T20:22:59.5755923+01:00" endTime="2026-02-07T20:22:59.5755924+01:00" testType="13cdc9d9-ddb5-4fa4-a97d-d965ccfc6d4b" outcome="Passed" testListId="8c84fa94-04c1-424b-9868-57a2d4851a1d" relativeResultsDirectory="222eaa46-0de4-4a27-80a4-101b77fbb2f0" />
    <UnitTestResult executionId="dd5c6f1f-e322-441e-82b6-2c6f735ed55f" testId="b3e0de0b-681e-d4d1-40f3-f055199f53dc" testName="DataFlow.Data.Tests.Csv.CsvCoverageTests.CsvSync_EmptyFile" computerName="FLASH" duration="00:00:00.0005308" startTime="2026-02-07T20:22:59.6088021+01:00" endTime="2026-02-07T20:22:59.6088023+01:00" testType="13cdc9d9-ddb5-4fa4-a97d-d965ccfc6d4b" outcome="Passed" testListId="8c84fa94-04c1-424b-9868-57a2d4851a1d" relativeResultsDirectory="dd5c6f1f-e322-441e-82b6-2c6f735ed55f" />
    <UnitTestResult executionId="61dd5c56-8248-4cd4-882f-424911d9a892" testId="66b09bbd-710d-e2da-7179-8aa127602d5e" testName="DataFlow.Data.Tests.Cross.ThrowActionExceptionMessageTests.Csv_Throw_SchemaError_MessageIncludesTypeAndExcerpt" computerName="FLASH" duration="00:00:00.0393513" startTime="2026-02-07T20:22:59.4602206+01:00" endTime="2026-02-07T20:22:59.4602210+01:00" testType="13cdc9d9-ddb5-4fa4-a97d-d965ccfc6d4b" outcome="Passed" testListId="8c84fa94-04c1-424b-9868-57a2d4851a1d" relativeResultsDirectory="61dd5c56-8248-4cd4-882f-424911d9a892" />
    <UnitTestResult executionId="8d335878-a6ad-47b0-8c5a-ca596b7d622f" testId="f9dfa633-835b-5e85-5e27-f9f5dad1736c" testName="DataFlow.Data.Tests.Json.JsonSingleRootValidationStreamTests.SingleRoot_Object_With_Validation_From_NonSeekable_Stream_Works" computerName="FLASH" duration="00:00:00.0039248" startTime="2026-02-07T20:22:59.4755505+01:00" endTime="2026-02-07T20:22:59.4755507+01:00" testType="13cdc9d9-ddb5-4fa4-a97d-d965ccfc6d4b" outcome="Passed" testListId="8c84fa94-04c1-424b-9868-57a2d4851a1d" relativeResultsDirectory="8d335878-a6ad-47b0-8c5a-ca596b7d622f" />
    <UnitTestResult executionId="e0cd076b-d3f4-4382-a9e6-d3fd58885602" testId="293ea612-360b-a10f-69f6-8c3a0547926c" testName="DataFlow.Data.Tests.ReadLayerCoverageTests.CsvSync_EmptyFile_ReturnsEmpty" computerName="FLASH" duration="00:00:00.0030398" startTime="2026-02-07T20:22:59.3956722+01:00" endTime="2026-02-07T20:22:59.3956725+01:00" testType="13cdc9d9-ddb5-4fa4-a97d-d965ccfc6d4b" outcome="Passed" testListId="8c84fa94-04c1-424b-9868-57a2d4851a1d" relativeResultsDirectory="e0cd076b-d3f4-4382-a9e6-d3fd58885602" />
    <UnitTestResult executionId="6fa22f58-702c-4f4a-970a-98d9df0a3b29" testId="163d49dc-9bdb-ea2d-f554-11c9a327fda0" testName="DataFlow.Data.Tests.Cross.ThrowActionExceptionMessageTests.Json_SimpleOnError_MessageIncludesTypeAndExcerpt_WhenAvailable" computerName="FLASH" duration="00:00:00.0017797" startTime="2026-02-07T20:22:59.5770392+01:00" endTime="2026-02-07T20:22:59.5770396+01:00" testType="13cdc9d9-ddb5-4fa4-a97d-d965ccfc6d4b" outcome="Passed" testListId="8c84fa94-04c1-424b-9868-57a2d4851a1d" relativeResultsDirectory="6fa22f58-702c-4f4a-970a-98d9df0a3b29" />
    <UnitTestResult executionId="027e1555-6b35-4340-ae79-1e969d543042" testId="efe738d9-7acf-6ee4-7870-7b78a9b3aefa" testName="DataFlow.Data.Tests.Cross.CancellationTests.Csv_LargeRecord_CancelsQuickly_Sync" computerName="FLASH" duration="00:00:00.0685726" startTime="2026-02-07T20:23:01.5902497+01:00" endTime="2026-02-07T20:23:01.5902524+01:00" testType="13cdc9d9-ddb5-4fa4-a97d-d965ccfc6d4b" outcome="Passed" testListId="8c84fa94-04c1-424b-9868-57a2d4851a1d" relativeResultsDirectory="027e1555-6b35-4340-ae79-1e969d543042" />
    <UnitTestResult executionId="c7546d5c-df51-45ba-836e-91526822b8e4" testId="2c967a9e-d641-e67c-2fde-b98ba8130630" testName="DataFlow.Data.Tests.Csv.SmartDecimalParsingTests.Infer_WithSign_AutoDetectsDecimal(input: &quot;+1234,56&quot;, expected: 1234,5599999999999)" computerName="FLASH" duration="00:00:00.0000399" startTime="2026-02-07T20:22:59.4219516+01:00" endTime="2026-02-07T20:22:59.4219517+01:00" testType="13cdc9d9-ddb5-4fa4-a97d-d965ccfc6d4b" outcome="Passed" testListId="8c84fa94-04c1-424b-9868-57a2d4851a1d" relativeResultsDirectory="c7546d5c-df51-45ba-836e-91526822b8e4" />
    <UnitTestResult executionId="2b04b154-627e-4845-8ca9-f3b493856506" testId="6c9083fc-50ac-06a0-890a-f2801b326139" testName="DataFlow.Data.Tests.Csv.CsvParserTests.UnterminatedQuote_AtEOF_Reported(asyncMode: True)" computerName="FLASH" duration="00:00:00.0425015" startTime="2026-02-07T20:22:59.5762597+01:00" endTime="2026-02-07T20:22:59.5762601+01:00" testType="13cdc9d9-ddb5-4fa4-a97d-d965ccfc6d4b" outcome="Passed" testListId="8c84fa94-04c1-424b-9868-57a2d4851a1d" relativeResultsDirectory="2b04b154-627e-4845-8ca9-f3b493856506" />
    <UnitTestResult executionId="957e504f-49bb-41fc-866a-fa23494596b5" testId="e9174bd6-3d1b-1cc7-a0c1-cc90ddc5eecd" testName="DataFlow.Data.Tests.SimpleStreamOverloadsTests.Yaml_Stream_Simple_ReadsMultipleDocuments" computerName="FLASH" duration="00:00:00.0026198" startTime="2026-02-07T20:22:59.6066074+01:00" endTime="2026-02-07T20:22:59.6066075+01:00" testType="13cdc9d9-ddb5-4fa4-a97d-d965ccfc6d4b" outcome="Passed" testListId="8c84fa94-04c1-424b-9868-57a2d4851a1d" relativeResultsDirectory="957e504f-49bb-41fc-866a-fa23494596b5" />
    <UnitTestResult executionId="5b70a8f6-0723-4d5a-8a93-fbceafd49760" testId="d78d1ae3-4eac-9ba8-ce97-c454886eb0fb" testName="DataFlow.Data.Tests.Cross.ProgressAndStopInteractionTests.Progress_Final_Event_Not_After_Stop" computerName="FLASH" duration="00:00:00.3091830" startTime="2026-02-07T20:22:59.4950200+01:00" endTime="2026-02-07T20:22:59.4950204+01:00" testType="13cdc9d9-ddb5-4fa4-a97d-d965ccfc6d4b" outcome="Passed" testListId="8c84fa94-04c1-424b-9868-57a2d4851a1d" relativeResultsDirectory="5b70a8f6-0723-4d5a-8a93-fbceafd49760" />
    <UnitTestResult executionId="6edf7477-a00f-42cb-9da8-2c20b53f8336" testId="fb2314a3-e25a-3354-8475-784c08ffd4d9" testName="DataFlow.Data.Tests.Text.Read_Text_Tests.Async_Stream_Minimal_ReadsAllLines_And_LeavesStreamOpen" computerName="FLASH" duration="00:00:00.0583280" startTime="2026-02-07T20:22:59.3014963+01:00" endTime="2026-02-07T20:22:59.3014968+01:00" testType="13cdc9d9-ddb5-4fa4-a97d-d965ccfc6d4b" outcome="Passed" testListId="8c84fa94-04c1-424b-9868-57a2d4851a1d" relativeResultsDirectory="6edf7477-a00f-42cb-9da8-2c20b53f8336" />
    <UnitTestResult executionId="91818e14-283f-4fb4-ae42-28ea98e1f12d" testId="d5dba8dd-fc2e-9f5d-6a76-308618f0804f" testName="DataFlow.Data.Tests.Text.Read_Text_Tests.Encoding_DefaultUtf8_NoBom_DetectOn_And_CustomEncoding" computerName="FLASH" duration="00:00:00.0169650" startTime="2026-02-07T20:22:59.9499132+01:00" endTime="2026-02-07T20:22:59.9499138+01:00" testType="13cdc9d9-ddb5-4fa4-a97d-d965ccfc6d4b" outcome="Passed" testListId="8c84fa94-04c1-424b-9868-57a2d4851a1d" relativeResultsDirectory="91818e14-283f-4fb4-ae42-28ea98e1f12d" />
    <UnitTestResult executionId="1352cc8c-7902-4ae0-b047-0a8fee1baba2" testId="63a5f195-7ab6-37e8-767a-624951d99c83" testName="RawRecordObserver not invoked for guard-rail skipped rows" computerName="FLASH" duration="00:00:00.0669595" startTime="2026-02-07T20:22:59.5827490+01:00" endTime="2026-02-07T20:22:59.5827493+01:00" testType="13cdc9d9-ddb5-4fa4-a97d-d965ccfc6d4b" outcome="Passed" testListId="8c84fa94-04c1-424b-9868-57a2d4851a1d" relativeResultsDirectory="1352cc8c-7902-4ae0-b047-0a8fee1baba2" />
    <UnitTestResult executionId="eed8493e-f33f-4e85-b269-0d846cfd20b3" testId="d3b16326-3bf7-660d-c5c1-20f99094c37a" testName="DataFlow.Data.Tests.Csv.CsvParserTests.TrailingGarbageAfterQuote_Error_When_Strict(asyncMode: False)" computerName="FLASH" duration="00:00:00.0058858" startTime="2026-02-07T20:22:59.6282433+01:00" endTime="2026-02-07T20:22:59.6282437+01:00" testType="13cdc9d9-ddb5-4fa4-a97d-d965ccfc6d4b" outcome="Passed" testListId="8c84fa94-04c1-424b-9868-57a2d4851a1d" relativeResultsDirectory="eed8493e-f33f-4e85-b269-0d846cfd20b3" />
    <UnitTestResult executionId="4d8e87e6-4205-4abd-b6d3-88eca4816f57" testId="91e11183-7f96-ce9f-e45f-54de5960c2b8" testName="DataFlow.Data.Tests.ReadLayerCoverageTests.CsvSync_CRLFLineEndings_ParsesCorrectly" computerName="FLASH" duration="00:00:00.0754164" startTime="2026-02-07T20:22:59.3278423+01:00" endTime="2026-02-07T20:22:59.3278424+01:00" testType="13cdc9d9-ddb5-4fa4-a97d-d965ccfc6d4b" outcome="Passed" testListId="8c84fa94-04c1-424b-9868-57a2d4851a1d" relativeResultsDirectory="4d8e87e6-4205-4abd-b6d3-88eca4816f57" />
    <UnitTestResult executionId="63f72661-1f80-4018-913e-0ef590d0f22f" testId="75fb57b9-b7be-f8af-3503-cc1729915cfe" testName="DataFlow.Data.Tests.Csv.CsvParserTests.Reads_Header_Correctly(asyncMode: False)" computerName="FLASH" duration="00:00:00.0137825" startTime="2026-02-07T20:22:59.7470661+01:00" endTime="2026-02-07T20:22:59.7470664+01:00" testType="13cdc9d9-ddb5-4fa4-a97d-d965ccfc6d4b" outcome="Passed" testListId="8c84fa94-04c1-424b-9868-57a2d4851a1d" relativeResultsDirectory="63f72661-1f80-4018-913e-0ef590d0f22f" />
    <UnitTestResult executionId="94b3420d-8bc2-4e60-b5a3-e984081c14ab" testId="9fd6a410-b7ab-869b-b2ed-d61f9ee6abde" testName="DataFlow.Data.Tests.Csv.CsvGuardRailTests.MaxColumnsPerRow_Throw" computerName="FLASH" duration="00:00:00.0104036" startTime="2026-02-07T20:22:59.6347176+01:00" endTime="2026-02-07T20:22:59.6347179+01:00" testType="13cdc9d9-ddb5-4fa4-a97d-d965ccfc6d4b" outcome="Passed" testListId="8c84fa94-04c1-424b-9868-57a2d4851a1d" relativeResultsDirectory="94b3420d-8bc2-4e60-b5a3-e984081c14ab" />
    <UnitTestResult executionId="613d936b-f6e5-4077-8f4f-27fafc96e0f4" testId="9d34cefc-88f4-ad35-0926-97f181ce32d9" testName="DataFlow.Data.Tests.SimpleStreamOverloadsTests.YamlSync_Stream_Simple_ReadsDocument" computerName="FLASH" duration="00:00:00.0061020" startTime="2026-02-07T20:22:59.5309844+01:00" endTime="2026-02-07T20:22:59.5309847+01:00" testType="13cdc9d9-ddb5-4fa4-a97d-d965ccfc6d4b" outcome="Passed" testListId="8c84fa94-04c1-424b-9868-57a2d4851a1d" relativeResultsDirectory="613d936b-f6e5-4077-8f4f-27fafc96e0f4" />
    <UnitTestResult executionId="037cd62b-2d93-4355-9bf5-72571e26471d" testId="9e99d1a1-2749-0c73-b821-00075e85458f" testName="DataFlow.Data.Tests.Csv.CsvErrorRecoveryTests.CsvSync_WithChunkedStream_ParsesCorrectly(chunkSize: 1)" computerName="FLASH" duration="00:00:00.0015255" startTime="2026-02-07T20:22:59.6079125+01:00" endTime="2026-02-07T20:22:59.6079127+01:00" testType="13cdc9d9-ddb5-4fa4-a97d-d965ccfc6d4b" outcome="Passed" testListId="8c84fa94-04c1-424b-9868-57a2d4851a1d" relativeResultsDirectory="037cd62b-2d93-4355-9bf5-72571e26471d" />
    <UnitTestResult executionId="7a6d559b-c970-4415-89ee-fcfa2ae9fed5" testId="ed005758-b3ef-dfa3-b456-eefabae19947" testName="DataFlow.Data.Tests.Csv.SmartDecimalParsingTests.Infer_BothSeparators_AutoDetectsDecimal(input: &quot;1,234.56&quot;, expected: 1234,5599999999999)" computerName="FLASH" duration="00:00:00.0000203" startTime="2026-02-07T20:22:59.3390507+01:00" endTime="2026-02-07T20:22:59.3390508+01:00" testType="13cdc9d9-ddb5-4fa4-a97d-d965ccfc6d4b" outcome="Passed" testListId="8c84fa94-04c1-424b-9868-57a2d4851a1d" relativeResultsDirectory="7a6d559b-c970-4415-89ee-fcfa2ae9fed5" />
    <UnitTestResult executionId="89e6674a-6a9a-42d7-8442-24b1e1bd2e61" testId="8654ab0f-80bc-78f4-e351-664472597cca" testName="DataFlow.Data.Tests.Cross.CancellationTests.Csv_Cancels_MidStream" computerName="FLASH" duration="00:00:00.0821342" startTime="2026-02-07T20:22:59.5808468+01:00" endTime="2026-02-07T20:22:59.5808469+01:00" testType="13cdc9d9-ddb5-4fa4-a97d-d965ccfc6d4b" outcome="Passed" testListId="8c84fa94-04c1-424b-9868-57a2d4851a1d" relativeResultsDirectory="89e6674a-6a9a-42d7-8442-24b1e1bd2e61" />
    <UnitTestResult executionId="88d5466d-80ff-429a-93a1-cf9a73198a9d" testId="334c484e-d595-1b34-7d31-86f37861276d" testName="DataFlow.Data.Tests.Json.JsonParserEdgeCaseTests.JsonSync_TrailingComma_HandledGracefully" computerName="FLASH" duration="00:00:00.0005608" startTime="2026-02-07T20:22:59.3290225+01:00" endTime="2026-02-07T20:22:59.3290226+01:00" testType="13cdc9d9-ddb5-4fa4-a97d-d965ccfc6d4b" outcome="Passed" testListId="8c84fa94-04c1-424b-9868-57a2d4851a1d" relativeResultsDirectory="88d5466d-80ff-429a-93a1-cf9a73198a9d" />
    <UnitTestResult executionId="525698bf-c109-4e36-9080-02a0a91eeb6c" testId="91581674-da50-f0b0-d178-7420d6fdd527" testName="DataFlow.Data.Tests.ReadLayerCoverageTests.CsvSync_QuotedFields_ParsesCorrectly" computerName="FLASH" duration="00:00:00.0008913" startTime="2026-02-07T20:22:59.5361476+01:00" endTime="2026-02-07T20:22:59.5361477+01:00" testType="13cdc9d9-ddb5-4fa4-a97d-d965ccfc6d4b" outcome="Passed" testListId="8c84fa94-04c1-424b-9868-57a2d4851a1d" relativeResultsDirectory="525698bf-c109-4e36-9080-02a0a91eeb6c" />
    <UnitTestResult executionId="ee09ea5e-c463-49d9-9143-6b5f497e7c01" testId="b9f46b60-b7f4-65ce-be99-806212e4062a" testName="LinesRead newline counting scenarios (sync + async)(mode: Sync, scenarioName: &quot;CRLFCountsAsSingle&quot;, expectedRows: 2, expectedLinesRead: 4, content: &quot;\&quot;Id\&quot;,\&quot;Text\&quot;\r\n1,\&quot;Alpha\&quot;\r\n2,\&quot;Line1\r\nLin&quot;···)" computerName="FLASH" duration="00:00:00.0024757" startTime="2026-02-07T20:22:59.6260454+01:00" endTime="2026-02-07T20:22:59.6260458+01:00" testType="13cdc9d9-ddb5-4fa4-a97d-d965ccfc6d4b" outcome="Passed" testListId="8c84fa94-04c1-424b-9868-57a2d4851a1d" relativeResultsDirectory="ee09ea5e-c463-49d9-9143-6b5f497e7c01" />
    <UnitTestResult executionId="1d6e9023-a08a-4c3f-9f87-9764b4877f36" testId="46d4b1e0-13f1-4945-aca4-12a9d487e76b" testName="DataFlow.Data.Tests.AdditionalReadTests.TextSync_ReadsAllLines" computerName="FLASH" duration="00:00:00.0008087" startTime="2026-02-07T20:22:59.4535556+01:00" endTime="2026-02-07T20:22:59.4535558+01:00" testType="13cdc9d9-ddb5-4fa4-a97d-d965ccfc6d4b" outcome="Passed" testListId="8c84fa94-04c1-424b-9868-57a2d4851a1d" relativeResultsDirectory="1d6e9023-a08a-4c3f-9f87-9764b4877f36" />
    <UnitTestResult executionId="ea181ae3-0ad5-4d46-b73f-c7d9a4b8d984" testId="ffd1c689-89c5-d63a-a1b3-164cc3581c00" testName="DataFlow.Data.Tests.Csv.CsvParserTests.UnterminatedQuote_AtEOF_Reported(asyncMode: False)" computerName="FLASH" duration="00:00:00.0024045" startTime="2026-02-07T20:22:59.5784232+01:00" endTime="2026-02-07T20:22:59.5784235+01:00" testType="13cdc9d9-ddb5-4fa4-a97d-d965ccfc6d4b" outcome="Passed" testListId="8c84fa94-04c1-424b-9868-57a2d4851a1d" relativeResultsDirectory="ea181ae3-0ad5-4d46-b73f-c7d9a4b8d984" />
    <UnitTestResult executionId="99c21385-7e41-4084-a366-cbe9ca645ae4" testId="54087c93-248e-02db-ecbd-8a504b06382b" testName="DataFlow.Data.Tests.Json.JsonReaderTests.Large_Element_Then_Small_No_Extra_Count" computerName="FLASH" duration="00:00:00.0554779" startTime="2026-02-07T20:22:59.6389889+01:00" endTime="2026-02-07T20:22:59.6389893+01:00" testType="13cdc9d9-ddb5-4fa4-a97d-d965ccfc6d4b" outcome="Passed" testListId="8c84fa94-04c1-424b-9868-57a2d4851a1d" relativeResultsDirectory="99c21385-7e41-4084-a366-cbe9ca645ae4" />
    <UnitTestResult executionId="57c2fe68-fda0-4e85-9c0e-59da60111041" testId="d7223d06-0a1e-0ae4-ef31-b1c2d8a88207" testName="DataFlow.Data.Tests.Csv.SmartDecimalParsingTests.Infer_BothSeparators_AutoDetectsDecimal(input: &quot;1,234,567.89&quot;, expected: 1234567,8899999999)" computerName="FLASH" duration="00:00:00.0000092" startTime="2026-02-07T20:22:59.3399834+01:00" endTime="2026-02-07T20:22:59.3399836+01:00" testType="13cdc9d9-ddb5-4fa4-a97d-d965ccfc6d4b" outcome="Passed" testListId="8c84fa94-04c1-424b-9868-57a2d4851a1d" relativeResultsDirectory="57c2fe68-fda0-4e85-9c0e-59da60111041" />
    <UnitTestResult executionId="dc33ec7b-3b7b-4e5d-8d23-c91e38de6c6a" testId="36d0b2c9-ada1-5b6d-cfbd-fd32d0b1c7d6" testName="DataFlow.Data.Tests.SimpleStreamOverloadsTests.Csv_Stream_Simple_LeavesStreamOpen" computerName="FLASH" duration="00:00:00.0021773" startTime="2026-02-07T20:22:59.6079602+01:00" endTime="2026-02-07T20:22:59.6079603+01:00" testType="13cdc9d9-ddb5-4fa4-a97d-d965ccfc6d4b" outcome="Passed" testListId="8c84fa94-04c1-424b-9868-57a2d4851a1d" relativeResultsDirectory="dc33ec7b-3b7b-4e5d-8d23-c91e38de6c6a" />
    <UnitTestResult executionId="4fc9f638-fe0f-4f80-a1bb-d85e95af5a79" testId="94865aa0-71e3-483f-5bab-d8b67013d800" testName="DataFlow.Data.Tests.MaterializationLimitsTests.Csv_PositionalRecord_Works" computerName="FLASH" duration="00:00:00.0098768" startTime="2026-02-07T20:22:59.5322146+01:00" endTime="2026-02-07T20:22:59.5322148+01:00" testType="13cdc9d9-ddb5-4fa4-a97d-d965ccfc6d4b" outcome="Passed" testListId="8c84fa94-04c1-424b-9868-57a2d4851a1d" relativeResultsDirectory="4fc9f638-fe0f-4f80-a1bb-d85e95af5a79" />
    <UnitTestResult executionId="3bb0e0fd-224d-4f59-a4ef-bcfa6aad0e1a" testId="e39bb21e-fa92-8138-8a06-a03d13e4dd4b" testName="DataFlow.Data.Tests.Json.JsonValidationTests.Primitive_Array_With_Validation_Downcasts" computerName="FLASH" duration="00:00:00.0374549" startTime="2026-02-07T20:22:59.6499164+01:00" endTime="2026-02-07T20:22:59.6499167+01:00" testType="13cdc9d9-ddb5-4fa4-a97d-d965ccfc6d4b" outcome="Passed" testListId="8c84fa94-04c1-424b-9868-57a2d4851a1d" relativeResultsDirectory="3bb0e0fd-224d-4f59-a4ef-bcfa6aad0e1a" />
    <UnitTestResult executionId="923e2ae6-8c62-472e-b0d5-2a6a6dc8dcbb" testId="3ed07cc7-7bd7-cb35-96ec-4aba73abc256" testName="DataFlow.Data.Tests.Json.JsonCoverageTests.JsonSync_RawRecordsParsed_Tracked" computerName="FLASH" duration="00:00:00.0007610" startTime="2026-02-07T20:22:59.5733561+01:00" endTime="2026-02-07T20:22:59.5733562+01:00" testType="13cdc9d9-ddb5-4fa4-a97d-d965ccfc6d4b" outcome="Passed" testListId="8c84fa94-04c1-424b-9868-57a2d4851a1d" relativeResultsDirectory="923e2ae6-8c62-472e-b0d5-2a6a6dc8dcbb" />
    <UnitTestResult executionId="53421460-aa54-4b04-bb6e-566301473d38" testId="db9b97d7-d4d0-3d64-6887-fd3f5ad947da" testName="DataFlow.Data.Tests.Csv.CsvParserTests.RawRecordObserver_Receives_Data_Rows_Not_Header(asyncMode: False)" computerName="FLASH" duration="00:00:00.0044399" startTime="2026-02-07T20:22:59.6713642+01:00" endTime="2026-02-07T20:22:59.6713643+01:00" testType="13cdc9d9-ddb5-4fa4-a97d-d965ccfc6d4b" outcome="Passed" testListId="8c84fa94-04c1-424b-9868-57a2d4851a1d" relativeResultsDirectory="53421460-aa54-4b04-bb6e-566301473d38" />
    <UnitTestResult executionId="e020ba11-4b2d-4654-b7db-df6c39cc99d4" testId="f6fe2f97-66aa-a8a8-fdfd-e48ebe651504" testName="DataFlow.Data.Tests.Text.TextParserCoverageTests.TextSync_Stream_CRLF" computerName="FLASH" duration="00:00:00.0006585" startTime="2026-02-07T20:22:59.5746673+01:00" endTime="2026-02-07T20:22:59.5746675+01:00" testType="13cdc9d9-ddb5-4fa4-a97d-d965ccfc6d4b" outcome="Passed" testListId="8c84fa94-04c1-424b-9868-57a2d4851a1d" relativeResultsDirectory="e020ba11-4b2d-4654-b7db-df6c39cc99d4" />
    <UnitTestResult executionId="9b92baa5-77da-4e0d-a11c-66e0e729ddc5" testId="feebabef-910d-9148-e98f-128bf2813d75" testName="LinesRead newline counting scenarios (sync + async)(mode: Async, scenarioName: &quot;NoTrailingNewline&quot;, expectedRows: 1, expectedLinesRead: 1, content: &quot;Id,Text\n1,HelloWorld&quot;)" computerName="FLASH" duration="00:00:00.0034343" startTime="2026-02-07T20:22:59.6628017+01:00" endTime="2026-02-07T20:22:59.6628018+01:00" testType="13cdc9d9-ddb5-4fa4-a97d-d965ccfc6d4b" outcome="Passed" testListId="8c84fa94-04c1-424b-9868-57a2d4851a1d" relativeResultsDirectory="9b92baa5-77da-4e0d-a11c-66e0e729ddc5" />
    <UnitTestResult executionId="5d8fbe75-1c09-422b-9ac3-6c52f3ecf9bd" testId="98da2a48-408f-ece4-daf0-9cc91d85437e" testName="DataFlow.Data.Tests.ReadLayerCoverageTests.TextSync_WithEncoding_UsesCorrect" computerName="FLASH" duration="00:00:00.0008718" startTime="2026-02-07T20:22:59.5224611+01:00" endTime="2026-02-07T20:22:59.5224612+01:00" testType="13cdc9d9-ddb5-4fa4-a97d-d965ccfc6d4b" outcome="Passed" testListId="8c84fa94-04c1-424b-9868-57a2d4851a1d" relativeResultsDirectory="5d8fbe75-1c09-422b-9ac3-6c52f3ecf9bd" />
    <UnitTestResult executionId="5c4988f8-c71f-4644-b623-b918fd33d5d3" testId="326cef38-8cf2-2e34-9e75-abde72b40cfb" testName="DataFlow.Data.Tests.Csv.SmartDecimalParsingTests.Infer_SingleSeparator_AutoDetectsDecimal(input: &quot;1234,5678&quot;, expected: 1234,5678)" computerName="FLASH" duration="00:00:00.0002952" startTime="2026-02-07T20:22:59.3377495+01:00" endTime="2026-02-07T20:22:59.3377496+01:00" testType="13cdc9d9-ddb5-4fa4-a97d-d965ccfc6d4b" outcome="Passed" testListId="8c84fa94-04c1-424b-9868-57a2d4851a1d" relativeResultsDirectory="5c4988f8-c71f-4644-b623-b918fd33d5d3" />
    <UnitTestResult executionId="33f2260e-7ea4-474e-9552-de4cc94d3bfa" testId="4c83cbf4-a2cd-4f0e-abb3-b794eab4a1c6" testName="DataFlow.Data.Tests.Csv.CsvCustomConverterTests.FieldValueConverter_Applies" computerName="FLASH" duration="00:00:00.2016915" startTime="2026-02-07T20:22:59.5360741+01:00" endTime="2026-02-07T20:22:59.5360742+01:00" testType="13cdc9d9-ddb5-4fa4-a97d-d965ccfc6d4b" outcome="Passed" testListId="8c84fa94-04c1-424b-9868-57a2d4851a1d" relativeResultsDirectory="33f2260e-7ea4-474e-9552-de4cc94d3bfa" />
    <UnitTestResult executionId="db347eda-968e-44fc-a057-b28adf24ce8a" testId="616e2baa-fc28-0253-350a-34921f6a51ae" testName="DataFlow.Data.Tests.Json.JsonNullHandlingTests.JsonSync_NullOnNullable_JustWorks" computerName="FLASH" duration="00:00:00.0058107" startTime="2026-02-07T20:22:59.4357058+01:00" endTime="2026-02-07T20:22:59.4357063+01:00" testType="13cdc9d9-ddb5-4fa4-a97d-d965ccfc6d4b" outcome="Passed" testListId="8c84fa94-04c1-424b-9868-57a2d4851a1d" relativeResultsDirectory="db347eda-968e-44fc-a057-b28adf24ce8a" />
    <UnitTestResult executionId="3bc00ba1-7ea6-4d4a-a4ed-f5f6894d4dbb" testId="f9846739-fc1e-da00-0d09-c2929949f655" testName="DataFlow.Data.Tests.Csv.CsvErrorRecoveryTests.CsvSync_CrLf_ChunkedAcrossBoundary(chunkSize: 1)" computerName="FLASH" duration="00:00:00.0121962" startTime="2026-02-07T20:22:59.6077998+01:00" endTime="2026-02-07T20:22:59.6077999+01:00" testType="13cdc9d9-ddb5-4fa4-a97d-d965ccfc6d4b" outcome="Passed" testListId="8c84fa94-04c1-424b-9868-57a2d4851a1d" relativeResultsDirectory="3bc00ba1-7ea6-4d4a-a4ed-f5f6894d4dbb" />
    <UnitTestResult executionId="a0ef802a-717d-4c1b-a2de-66e4c8cc85f8" testId="8651179f-e54e-86e9-d218-a9293c31571f" testName="DataFlow.Data.Tests.Csv.CsvCoverageTests.CsvSync_HeaderOnly" computerName="FLASH" duration="00:00:00.0413862" startTime="2026-02-07T20:22:59.2259271+01:00" endTime="2026-02-07T20:22:59.2259273+01:00" testType="13cdc9d9-ddb5-4fa4-a97d-d965ccfc6d4b" outcome="Passed" testListId="8c84fa94-04c1-424b-9868-57a2d4851a1d" relativeResultsDirectory="a0ef802a-717d-4c1b-a2de-66e4c8cc85f8" />
    <UnitTestResult executionId="8471c0d5-181b-4ca1-bccb-a33a0949af3e" testId="d145eafb-e13c-ce6e-0262-ad36dd7d456b" testName="DataFlow.Data.Tests.Json.JsonBufferBoundaryTests.JsonSync_WithChunkedStream_ParsesCorrectly(chunkSize: 64)" computerName="FLASH" duration="00:00:00.0000878" startTime="2026-02-07T20:22:59.3115925+01:00" endTime="2026-02-07T20:22:59.3115926+01:00" testType="13cdc9d9-ddb5-4fa4-a97d-d965ccfc6d4b" outcome="Passed" testListId="8c84fa94-04c1-424b-9868-57a2d4851a1d" relativeResultsDirectory="8471c0d5-181b-4ca1-bccb-a33a0949af3e" />
    <UnitTestResult executionId="81f62447-5b9f-452d-8ed9-d7e0ca914229" testId="5890b83c-e7e8-a22c-50ee-86492a06b7bd" testName="DataFlow.Data.Tests.Text.Read_Text_Tests.Cancellation_OptionsToken_StopsImmediately_WithoutCompletedUtc" computerName="FLASH" duration="00:00:00.0217175" startTime="2026-02-07T20:22:59.9228571+01:00" endTime="2026-02-07T20:22:59.9228575+01:00" testType="13cdc9d9-ddb5-4fa4-a97d-d965ccfc6d4b" outcome="Passed" testListId="8c84fa94-04c1-424b-9868-57a2d4851a1d" relativeResultsDirectory="81f62447-5b9f-452d-8ed9-d7e0ca914229" />
    <UnitTestResult executionId="6f3b5448-d350-4a17-b911-4ae1516b0f6a" testId="d735e0c0-84e8-f4c9-328e-13d9a6423a1d" testName="DataFlow.Data.Tests.Json.JsonValidationTests.Validator_Throws_Treated_As_Error_And_Skips" computerName="FLASH" duration="00:00:00.0501266" startTime="2026-02-07T20:22:59.5744910+01:00" endTime="2026-02-07T20:22:59.5744912+01:00" testType="13cdc9d9-ddb5-4fa4-a97d-d965ccfc6d4b" outcome="Passed" testListId="8c84fa94-04c1-424b-9868-57a2d4851a1d" relativeResultsDirectory="6f3b5448-d350-4a17-b911-4ae1516b0f6a" />
    <UnitTestResult executionId="d6bbd46d-6433-46f5-988d-03e0880640a3" testId="1a5ad51f-ac15-d0b9-a715-6c0005a12752" testName="DataFlow.Data.Tests.Json.JsonCoverageTests.JsonAsync_File_Works" computerName="FLASH" duration="00:00:00.2444601" startTime="2026-02-07T20:22:59.5188751+01:00" endTime="2026-02-07T20:22:59.5188756+01:00" testType="13cdc9d9-ddb5-4fa4-a97d-d965ccfc6d4b" outcome="Passed" testListId="8c84fa94-04c1-424b-9868-57a2d4851a1d" relativeResultsDirectory="d6bbd46d-6433-46f5-988d-03e0880640a3" />
    <UnitTestResult executionId="469789a4-5026-4f66-bdb3-0c4469438c97" testId="ef0ff2ce-45d3-9bc0-48af-0e892c2c3124" testName="DataFlow.Data.Tests.ReadLayerCoverageTests.CsvSync_MixedLineEndings_ParsesAll" computerName="FLASH" duration="00:00:00.0019067" startTime="2026-02-07T20:22:59.4869574+01:00" endTime="2026-02-07T20:22:59.4869578+01:00" testType="13cdc9d9-ddb5-4fa4-a97d-d965ccfc6d4b" outcome="Passed" testListId="8c84fa94-04c1-424b-9868-57a2d4851a1d" relativeResultsDirectory="469789a4-5026-4f66-bdb3-0c4469438c97" />
    <UnitTestResult executionId="d9d4ebdd-1bd4-428e-96c9-7199fb4f4186" testId="35d50c55-d29e-cd27-db3f-0692b27ab1d7" testName="DataFlow.Data.Tests.Csv.SmartDecimalParsingTests.Infer_AmbiguousFormat_FallsBackToFormatProvider(input: &quot;1,234&quot;)" computerName="FLASH" duration="00:00:00.0004174" startTime="2026-02-07T20:22:59.3592523+01:00" endTime="2026-02-07T20:22:59.3592526+01:00" testType="13cdc9d9-ddb5-4fa4-a97d-d965ccfc6d4b" outcome="Passed" testListId="8c84fa94-04c1-424b-9868-57a2d4851a1d" relativeResultsDirectory="d9d4ebdd-1bd4-428e-96c9-7199fb4f4186" />
    <UnitTestResult executionId="03c9b6f9-39e4-4fdd-b009-7b5045cd1f98" testId="12b2246a-a209-9317-b041-17e11b204bad" testName="LinesRead newline counting scenarios (sync + async)(mode: Sync, scenarioName: &quot;ConsecutiveCRLFNoBlankRecords&quot;, expectedRows: 2, expectedLinesRead: 3, content: &quot;\&quot;Id\&quot;,\&quot;Val\&quot;\r\n1,\&quot;A\&quot;\r\n2,\&quot;B\&quot;\r\n&quot;)" computerName="FLASH" duration="00:00:00.0095910" startTime="2026-02-07T20:22:59.6594286+01:00" endTime="2026-02-07T20:22:59.6594288+01:00" testType="13cdc9d9-ddb5-4fa4-a97d-d965ccfc6d4b" outcome="Passed" testListId="8c84fa94-04c1-424b-9868-57a2d4851a1d" relativeResultsDirectory="03c9b6f9-39e4-4fdd-b009-7b5045cd1f98" />
    <UnitTestResult executionId="30d281bd-398d-45d9-9a49-177d012f0579" testId="86a78518-29a4-e56d-94fa-ec96635d72e3" testName="DataFlow.Data.Tests.Yaml.YamlReaderTests.Yaml_MaxNodeScalarLength_ThrowsOnExceed" computerName="FLASH" duration="00:00:00.0166130" startTime="2026-02-07T20:22:59.5200821+01:00" endTime="2026-02-07T20:22:59.5200822+01:00" testType="13cdc9d9-ddb5-4fa4-a97d-d965ccfc6d4b" outcome="Passed" testListId="8c84fa94-04c1-424b-9868-57a2d4851a1d" relativeResultsDirectory="30d281bd-398d-45d9-9a49-177d012f0579" />
    <UnitTestResult executionId="4139ceaf-ed32-48c8-94a2-1e5694417163" testId="c3b1b0f1-b8a2-708f-9c08-2b220c228dd3" testName="DataFlow.Data.Tests.Json.JsonCoverageTests.JsonSync_EmptyArray_ReturnsEmpty" computerName="FLASH" duration="00:00:00.0005662" startTime="2026-02-07T20:22:59.5734673+01:00" endTime="2026-02-07T20:22:59.5734674+01:00" testType="13cdc9d9-ddb5-4fa4-a97d-d965ccfc6d4b" outcome="Passed" testListId="8c84fa94-04c1-424b-9868-57a2d4851a1d" relativeResultsDirectory="4139ceaf-ed32-48c8-94a2-1e5694417163" />
    <UnitTestResult executionId="6fc3af5e-0470-4111-ad42-b0dfaf2e89a3" testId="b7ac8d27-9ae3-f13f-85f3-8fbdf585a309" testName="DataFlow.Data.Tests.Json.JsonBufferBoundaryTests.JsonSync_Unicode_ChunkedAcrossCharBoundary(chunkSize: 1)" computerName="FLASH" duration="00:00:00.0007753" startTime="2026-02-07T20:22:59.3117064+01:00" endTime="2026-02-07T20:22:59.3117066+01:00" testType="13cdc9d9-ddb5-4fa4-a97d-d965ccfc6d4b" outcome="Passed" testListId="8c84fa94-04c1-424b-9868-57a2d4851a1d" relativeResultsDirectory="6fc3af5e-0470-4111-ad42-b0dfaf2e89a3" />
    <UnitTestResult executionId="886c7785-b6aa-4a8d-ac42-c0aa43423763" testId="2a98e305-36ed-5636-a8d3-29a180c6e174" testName="DataFlow.Data.Tests.Csv.SmartDecimalParsingTests.Infer_Double_SmartParsing(input: &quot;1.234,56&quot;, expected: 1234,5599999999999)" computerName="FLASH" duration="00:00:00.0000438" startTime="2026-02-07T20:22:59.4476820+01:00" endTime="2026-02-07T20:22:59.4476822+01:00" testType="13cdc9d9-ddb5-4fa4-a97d-d965ccfc6d4b" outcome="Passed" testListId="8c84fa94-04c1-424b-9868-57a2d4851a1d" relativeResultsDirectory="886c7785-b6aa-4a8d-ac42-c0aa43423763" />
    <UnitTestResult executionId="af0760ee-183d-4d56-949d-38c348f55199" testId="049647e8-487b-4fb0-7216-0eb2c619ed98" testName="LinesRead newline counting scenarios (sync + async)(mode: Sync, scenarioName: &quot;EmbeddedQuotedNewlines&quot;, expectedRows: 3, expectedLinesRead: 6, content: &quot;\&quot;Id\&quot;,\&quot;Text\&quot;\n1,\&quot;Hello\nWorld\&quot;\n2,\&quot;LineA\nLi&quot;···)" computerName="FLASH" duration="00:00:00.0032234" startTime="2026-02-07T20:22:59.6167663+01:00" endTime="2026-02-07T20:22:59.6167669+01:00" testType="13cdc9d9-ddb5-4fa4-a97d-d965ccfc6d4b" outcome="Passed" testListId="8c84fa94-04c1-424b-9868-57a2d4851a1d" relativeResultsDirectory="af0760ee-183d-4d56-949d-38c348f55199" />
    <UnitTestResult executionId="4c43c5c4-788b-4e3f-921f-4a8e793aa09b" testId="8afcf6a2-a285-9d79-118f-cd1c2f46ebbf" testName="DataFlow.Data.Tests.Yaml.YamlReaderTests.YamlSync_Metrics_ArePopulated" computerName="FLASH" duration="00:00:00.0025560" startTime="2026-02-07T20:22:59.6055098+01:00" endTime="2026-02-07T20:22:59.6055100+01:00" testType="13cdc9d9-ddb5-4fa4-a97d-d965ccfc6d4b" outcome="Passed" testListId="8c84fa94-04c1-424b-9868-57a2d4851a1d" relativeResultsDirectory="4c43c5c4-788b-4e3f-921f-4a8e793aa09b" />
    <UnitTestResult executionId="2b1bdd7f-18b0-48e6-8d48-51c99cd353c9" testId="95fa8598-7f14-10e4-3873-d9c856350e85" testName="DataFlow.Data.Tests.Csv.SmartDecimalParsingTests.Infer_SpaceThousands_AutoDetectsDecimal(input: &quot;12 345 678,90&quot;, expected: 12345678,9)" computerName="FLASH" duration="00:00:00.0007015" startTime="2026-02-07T20:22:59.4187136+01:00" endTime="2026-02-07T20:22:59.4187140+01:00" testType="13cdc9d9-ddb5-4fa4-a97d-d965ccfc6d4b" outcome="Passed" testListId="8c84fa94-04c1-424b-9868-57a2d4851a1d" relativeResultsDirectory="2b1bdd7f-18b0-48e6-8d48-51c99cd353c9" />
    <UnitTestResult executionId="ad36bef7-86c8-4bde-a3a1-84af96a11c85" testId="c1916f16-e74f-69a4-b352-dfa8a0316110" testName="DataFlow.Data.Tests.Csv.CsvCoverageTests.CsvSync_QuoteModeLenient" computerName="FLASH" duration="00:00:00.0008621" startTime="2026-02-07T20:22:59.6091044+01:00" endTime="2026-02-07T20:22:59.6091046+01:00" testType="13cdc9d9-ddb5-4fa4-a97d-d965ccfc6d4b" outcome="Passed" testListId="8c84fa94-04c1-424b-9868-57a2d4851a1d" relativeResultsDirectory="ad36bef7-86c8-4bde-a3a1-84af96a11c85" />
    <UnitTestResult executionId="5dccbe6d-eaf1-4e51-9527-d0a1865fb173" testId="13eb1b9d-5eb6-589d-cc8d-e86b9260e592" testName="DataFlow.Data.Tests.Json.JsonReaderTests.Single_Object_FastPath" computerName="FLASH" duration="00:00:00.0123611" startTime="2026-02-07T20:22:59.6619439+01:00" endTime="2026-02-07T20:22:59.6619444+01:00" testType="13cdc9d9-ddb5-4fa4-a97d-d965ccfc6d4b" outcome="Passed" testListId="8c84fa94-04c1-424b-9868-57a2d4851a1d" relativeResultsDirectory="5dccbe6d-eaf1-4e51-9527-d0a1865fb173" />
    <UnitTestResult executionId="44a38a95-79d1-4e3c-875b-05e542bfeec7" testId="e5fbcbc3-ed43-0417-a65d-4a9282695f81" testName="DataFlow.Data.Tests.SimpleStreamOverloadsTests.JsonSync_Stream_Simple_ReadsAllItems" computerName="FLASH" duration="00:00:00.0009967" startTime="2026-02-07T20:22:59.6089369+01:00" endTime="2026-02-07T20:22:59.6089371+01:00" testType="13cdc9d9-ddb5-4fa4-a97d-d965ccfc6d4b" outcome="Passed" testListId="8c84fa94-04c1-424b-9868-57a2d4851a1d" relativeResultsDirectory="44a38a95-79d1-4e3c-875b-05e542bfeec7" />
    <UnitTestResult executionId="6d262d5d-65c4-422f-8299-ecc618093c2e" testId="5a4efbb4-74be-2c98-7e58-e6af499eb62e" testName="DataFlow.Data.Tests.Cross.StopActionTests.Csv_Stop_Stops_On_First_Error" computerName="FLASH" duration="00:00:00.0181561" startTime="2026-02-07T20:22:59.6077581+01:00" endTime="2026-02-07T20:22:59.6077582+01:00" testType="13cdc9d9-ddb5-4fa4-a97d-d965ccfc6d4b" outcome="Passed" testListId="8c84fa94-04c1-424b-9868-57a2d4851a1d" relativeResultsDirectory="6d262d5d-65c4-422f-8299-ecc618093c2e" />
    <UnitTestResult executionId="8f3473b4-8aa9-479d-b284-fb747bbe0efa" testId="6f3508d0-4ba5-9323-55a0-54c4d83cd29d" testName="DataFlow.Data.Tests.Csv.CsvCoverageTests.CsvSync_Stream_BasicReading" computerName="FLASH" duration="00:00:00.0007491" startTime="2026-02-07T20:22:59.6223914+01:00" endTime="2026-02-07T20:22:59.6223917+01:00" testType="13cdc9d9-ddb5-4fa4-a97d-d965ccfc6d4b" outcome="Passed" testListId="8c84fa94-04c1-424b-9868-57a2d4851a1d" relativeResultsDirectory="8f3473b4-8aa9-479d-b284-fb747bbe0efa" />
    <UnitTestResult executionId="670a3897-89b7-4277-889a-219cceb3f4b6" testId="8ce637fb-dabd-231c-6edc-de5073c542b9" testName="DataFlow.Data.Tests.Yaml.YamlReaderTests.Reads_Sequence" computerName="FLASH" duration="00:00:00.0039120" startTime="2026-02-07T20:22:59.5756484+01:00" endTime="2026-02-07T20:22:59.5756485+01:00" testType="13cdc9d9-ddb5-4fa4-a97d-d965ccfc6d4b" outcome="Passed" testListId="8c84fa94-04c1-424b-9868-57a2d4851a1d" relativeResultsDirectory="670a3897-89b7-4277-889a-219cceb3f4b6" />
    <UnitTestResult executionId="e022d2e4-b172-429c-9d77-02b33bd19b9a" testId="30cac9f8-12b0-92f6-6abe-444d28dee328" testName="DataFlow.Data.Tests.Csv.SmartDecimalParsingTests.Infer_WithSign_AutoDetectsDecimal(input: &quot;-0,99&quot;, expected: -0,98999999999999999)" computerName="FLASH" duration="00:00:00.0004649" startTime="2026-02-07T20:22:59.4210067+01:00" endTime="2026-02-07T20:22:59.4210070+01:00" testType="13cdc9d9-ddb5-4fa4-a97d-d965ccfc6d4b" outcome="Passed" testListId="8c84fa94-04c1-424b-9868-57a2d4851a1d" relativeResultsDirectory="e022d2e4-b172-429c-9d77-02b33bd19b9a" />
    <UnitTestResult executionId="d74f7ef9-a3c3-4928-99d4-b78c97ac810f" testId="35528e8b-5f40-e5b9-3870-002b83e47492" testName="DataFlow.Data.Tests.Json.JsonBufferBoundaryTests.JsonAsync_LargeArray_WithSmallChunks_ParsesAllItems" computerName="FLASH" duration="00:00:00.1085932" startTime="2026-02-07T20:22:59.4316418+01:00" endTime="2026-02-07T20:22:59.4316420+01:00" testType="13cdc9d9-ddb5-4fa4-a97d-d965ccfc6d4b" outcome="Passed" testListId="8c84fa94-04c1-424b-9868-57a2d4851a1d" relativeResultsDirectory="d74f7ef9-a3c3-4928-99d4-b78c97ac810f" />
    <UnitTestResult executionId="7b6f266d-f027-4c26-a6cb-32e0c83af032" testId="f8eb1083-e0cd-ee1a-48a4-0aeec73beb4b" testName="DataFlow.Data.Tests.Cross.CancellationTests.Csv_Concurrency_CancelFromOtherThread_Sync" computerName="FLASH" duration="00:00:00.0202455" startTime="2026-02-07T20:23:00.1429298+01:00" endTime="2026-02-07T20:23:00.1429305+01:00" testType="13cdc9d9-ddb5-4fa4-a97d-d965ccfc6d4b" outcome="Passed" testListId="8c84fa94-04c1-424b-9868-57a2d4851a1d" relativeResultsDirectory="7b6f266d-f027-4c26-a6cb-32e0c83af032" />
    <UnitTestResult executionId="eebda964-ae02-4edf-9924-0bdc516a9c7b" testId="929fe506-8a28-ad69-4461-707dc434196d" testName="DataFlow.Data.Tests.Json.JsonParserEdgeCaseTests.JsonSync_NullValues_Works" computerName="FLASH" duration="00:00:00.0007906" startTime="2026-02-07T20:22:59.3289604+01:00" endTime="2026-02-07T20:22:59.3289606+01:00" testType="13cdc9d9-ddb5-4fa4-a97d-d965ccfc6d4b" outcome="Passed" testListId="8c84fa94-04c1-424b-9868-57a2d4851a1d" relativeResultsDirectory="eebda964-ae02-4edf-9924-0bdc516a9c7b" />
    <UnitTestResult executionId="5571e9d7-6ef3-43cd-aa46-fac23cf4f680" testId="36769a18-42f1-633c-2a62-23844261590f" testName="DataFlow.Data.Tests.Csv.CsvErrorRecoveryTests.CsvAsync_WithChunkedStream_ParsesCorrectly" computerName="FLASH" duration="00:00:00.2509551" startTime="2026-02-07T20:22:59.6065186+01:00" endTime="2026-02-07T20:22:59.6065187+01:00" testType="13cdc9d9-ddb5-4fa4-a97d-d965ccfc6d4b" outcome="Passed" testListId="8c84fa94-04c1-424b-9868-57a2d4851a1d" relativeResultsDirectory="5571e9d7-6ef3-43cd-aa46-fac23cf4f680" />
    <UnitTestResult executionId="0cbd2c46-d684-47a8-aa4e-3dc622727642" testId="ed641c72-f86c-a297-f93c-3735fb4f247c" testName="DataFlow.Data.Tests.Cross.StopActionTests.Yaml_Stop_TypeRestriction_Sets_TerminatedEarly" computerName="FLASH" duration="00:00:00.0043288" startTime="2026-02-07T20:22:59.5861470+01:00" endTime="2026-02-07T20:22:59.5861472+01:00" testType="13cdc9d9-ddb5-4fa4-a97d-d965ccfc6d4b" outcome="Passed" testListId="8c84fa94-04c1-424b-9868-57a2d4851a1d" relativeResultsDirectory="0cbd2c46-d684-47a8-aa4e-3dc622727642" />
    <UnitTestResult executionId="748a7cd8-14a9-4875-b4ce-a3a354b96e15" testId="cbc8392e-1167-551a-03b4-fefca7d67928" testName="DataFlow.Data.Tests.Json.JsonCoverageTests.JsonSync_SingleObject_Works" computerName="FLASH" duration="00:00:00.0007371" startTime="2026-02-07T20:22:59.6220531+01:00" endTime="2026-02-07T20:22:59.6220532+01:00" testType="13cdc9d9-ddb5-4fa4-a97d-d965ccfc6d4b" outcome="Passed" testListId="8c84fa94-04c1-424b-9868-57a2d4851a1d" relativeResultsDirectory="748a7cd8-14a9-4875-b4ce-a3a354b96e15" />
    <UnitTestResult executionId="d93d80b7-1e91-42b5-ab4c-dd4213270639" testId="801cd130-952f-ceff-78f5-ba3edbef368d" testName="DataFlow.Data.Tests.Json.JsonBufferBoundaryTests.JsonSync_WithChunkedStream_ParsesCorrectly(chunkSize: 16)" computerName="FLASH" duration="00:00:00.0000861" startTime="2026-02-07T20:22:59.3115333+01:00" endTime="2026-02-07T20:22:59.3115336+01:00" testType="13cdc9d9-ddb5-4fa4-a97d-d965ccfc6d4b" outcome="Passed" testListId="8c84fa94-04c1-424b-9868-57a2d4851a1d" relativeResultsDirectory="d93d80b7-1e91-42b5-ab4c-dd4213270639" />
    <UnitTestResult executionId="e2874171-62a3-44f9-abb8-48d509afdd2a" testId="895d8773-4797-f48d-7023-dfeab0bb502c" testName="DataFlow.Data.Tests.ReadLayerCoverageTests.Json_UnicodeStrings_Handled" computerName="FLASH" duration="00:00:00.0022362" startTime="2026-02-07T20:22:59.5328411+01:00" endTime="2026-02-07T20:22:59.5328412+01:00" testType="13cdc9d9-ddb5-4fa4-a97d-d965ccfc6d4b" outcome="Passed" testListId="8c84fa94-04c1-424b-9868-57a2d4851a1d" relativeResultsDirectory="e2874171-62a3-44f9-abb8-48d509afdd2a" />
    <UnitTestResult executionId="a5696f16-c3f2-4e7a-ba17-87bddad489a3" testId="ac182a60-99d2-1867-bad2-e2441d8faf20" testName="DataFlow.Data.Tests.Csv.CsvGuardRailTests.MaxColumnsPerRow_SkipBehavior" computerName="FLASH" duration="00:00:00.0081069" startTime="2026-02-07T20:22:59.6845668+01:00" endTime="2026-02-07T20:22:59.6845670+01:00" testType="13cdc9d9-ddb5-4fa4-a97d-d965ccfc6d4b" outcome="Passed" testListId="8c84fa94-04c1-424b-9868-57a2d4851a1d" relativeResultsDirectory="a5696f16-c3f2-4e7a-ba17-87bddad489a3" />
    <UnitTestResult executionId="c82a4787-7d23-4bd9-a3d4-8c1c19ced8b7" testId="f0cb72f5-0aa0-0ff9-8016-8e539e46be33" testName="DataFlow.Data.Tests.Csv.CsvParserTests.MaxRawRecordLength_Uses_RawLength_Counter(asyncMode: False)" computerName="FLASH" duration="00:00:00.0024560" startTime="2026-02-07T20:22:59.5871342+01:00" endTime="2026-02-07T20:22:59.5871346+01:00" testType="13cdc9d9-ddb5-4fa4-a97d-d965ccfc6d4b" outcome="Passed" testListId="8c84fa94-04c1-424b-9868-57a2d4851a1d" relativeResultsDirectory="c82a4787-7d23-4bd9-a3d4-8c1c19ced8b7" />
    <UnitTestResult executionId="757c4c03-579e-4293-874b-41724695073f" testId="ce9c142f-e291-8a92-0d37-15b412abe813" testName="DataFlow.Data.Tests.Csv.CsvCoverageTests.CsvSync_QuotedFields" computerName="FLASH" duration="00:00:00.0007854" startTime="2026-02-07T20:22:59.6079702+01:00" endTime="2026-02-07T20:22:59.6079703+01:00" testType="13cdc9d9-ddb5-4fa4-a97d-d965ccfc6d4b" outcome="Passed" testListId="8c84fa94-04c1-424b-9868-57a2d4851a1d" relativeResultsDirectory="757c4c03-579e-4293-874b-41724695073f" />
    <UnitTestResult executionId="f0d1b9e6-a7e3-447e-bf5a-fd9303d4d758" testId="9731f2a0-e243-0bc9-1ac0-e7d7d3e44912" testName="DataFlow.Data.Tests.Cross.StopActionTests.Yaml_Stop_ParseError_Sets_TerminatedEarly" computerName="FLASH" duration="00:00:00.2968190" startTime="2026-02-07T20:22:59.4757590+01:00" endTime="2026-02-07T20:22:59.4757591+01:00" testType="13cdc9d9-ddb5-4fa4-a97d-d965ccfc6d4b" outcome="Passed" testListId="8c84fa94-04c1-424b-9868-57a2d4851a1d" relativeResultsDirectory="f0d1b9e6-a7e3-447e-bf5a-fd9303d4d758" />
    <UnitTestResult executionId="7aea59e3-273d-4be9-8f3f-464e450b580e" testId="47733e7e-6b92-d420-d9d3-9b91ed03e501" testName="DataFlow.Data.Tests.Cross.CancellationTests.Json_PreCancellation_ThrowsImmediately" computerName="FLASH" duration="00:00:00.0079589" startTime="2026-02-07T20:22:59.8258943+01:00" endTime="2026-02-07T20:22:59.8258948+01:00" testType="13cdc9d9-ddb5-4fa4-a97d-d965ccfc6d4b" outcome="Passed" testListId="8c84fa94-04c1-424b-9868-57a2d4851a1d" relativeResultsDirectory="7aea59e3-273d-4be9-8f3f-464e450b580e" />
    <UnitTestResult executionId="c8c157e7-1b24-4867-a97c-dd102090275c" testId="25d381b1-0d98-1a4d-5622-4d679159bbfc" testName="DataFlow.Data.Tests.Csv.CsvErrorRecoveryTests.CsvSync_CrLf_ChunkedAcrossBoundary(chunkSize: 5)" computerName="FLASH" duration="00:00:00.0005655" startTime="2026-02-07T20:22:59.6068577+01:00" endTime="2026-02-07T20:22:59.6068578+01:00" testType="13cdc9d9-ddb5-4fa4-a97d-d965ccfc6d4b" outcome="Passed" testListId="8c84fa94-04c1-424b-9868-57a2d4851a1d" relativeResultsDirectory="c8c157e7-1b24-4867-a97c-dd102090275c" />
    <UnitTestResult executionId="8235bd27-eed7-47c6-ba58-928ae4f024c5" testId="8518a899-5560-d315-4620-e378fbf3a487" testName="DataFlow.Data.Tests.Json.JsonBufferBoundaryTests.JsonSync_WithChunkedStream_ParsesCorrectly(chunkSize: 4)" computerName="FLASH" duration="00:00:00.0006359" startTime="2026-02-07T20:22:59.3112931+01:00" endTime="2026-02-07T20:22:59.3112933+01:00" testType="13cdc9d9-ddb5-4fa4-a97d-d965ccfc6d4b" outcome="Passed" testListId="8c84fa94-04c1-424b-9868-57a2d4851a1d" relativeResultsDirectory="8235bd27-eed7-47c6-ba58-928ae4f024c5" />
    <UnitTestResult executionId="b3f62f1e-a432-481f-8f0f-f996da768d07" testId="686ed25e-061c-d75a-b66f-7dc8e40f2980" testName="DataFlow.Data.Tests.ReadLayerCoverageTests.Json_IndentedFormat_ReadsCorrectly" computerName="FLASH" duration="00:00:00.0020552" startTime="2026-02-07T20:22:59.5496111+01:00" endTime="2026-02-07T20:22:59.5496119+01:00" testType="13cdc9d9-ddb5-4fa4-a97d-d965ccfc6d4b" outcome="Passed" testListId="8c84fa94-04c1-424b-9868-57a2d4851a1d" relativeResultsDirectory="b3f62f1e-a432-481f-8f0f-f996da768d07" />
    <UnitTestResult executionId="f86cad29-a33d-44c8-bc6f-967a6c80e5f2" testId="4c53e433-dbfa-4b5a-0e1b-4165a1fac35f" testName="DataFlow.Data.Tests.Cross.CancellationTests.Json_Cancels_MidStream" computerName="FLASH" duration="00:00:00.0439511" startTime="2026-02-07T20:22:59.8867149+01:00" endTime="2026-02-07T20:22:59.8867153+01:00" testType="13cdc9d9-ddb5-4fa4-a97d-d965ccfc6d4b" outcome="Passed" testListId="8c84fa94-04c1-424b-9868-57a2d4851a1d" relativeResultsDirectory="f86cad29-a33d-44c8-bc6f-967a6c80e5f2" />
    <UnitTestResult executionId="fbc91a54-edc1-4817-bc56-f68e7e3b2ea6" testId="1e2e831f-ef0f-5064-7e34-2073d069f5fc" testName="Excerpt truncation at configured 128 chars" computerName="FLASH" duration="00:00:00.0083232" startTime="2026-02-07T20:22:59.6761606+01:00" endTime="2026-02-07T20:22:59.6761609+01:00" testType="13cdc9d9-ddb5-4fa4-a97d-d965ccfc6d4b" outcome="Passed" testListId="8c84fa94-04c1-424b-9868-57a2d4851a1d" relativeResultsDirectory="fbc91a54-edc1-4817-bc56-f68e7e3b2ea6" />
    <UnitTestResult executionId="38e44995-975b-48ef-8891-b67b6af4064d" testId="7037c5c0-adbb-b154-2df5-09b78c19b2f7" testName="DataFlow.Data.Tests.Cross.CancellationTests.Csv_LargeRecord_CancelsQuickly" computerName="FLASH" duration="00:00:00.1152780" startTime="2026-02-07T20:23:00.1110969+01:00" endTime="2026-02-07T20:23:00.1110975+01:00" testType="13cdc9d9-ddb5-4fa4-a97d-d965ccfc6d4b" outcome="Passed" testListId="8c84fa94-04c1-424b-9868-57a2d4851a1d" relativeResultsDirectory="38e44995-975b-48ef-8891-b67b6af4064d" />
    <UnitTestResult executionId="c7b22269-bf75-4d9a-bc9e-2d565fc8b62e" testId="df320953-dca4-b0b5-e0a2-15259dd5d54e" testName="DataFlow.Data.Tests.Text.TextParserCoverageTests.TextAsync_File_Works" computerName="FLASH" duration="00:00:00.2520678" startTime="2026-02-07T20:22:59.5720656+01:00" endTime="2026-02-07T20:22:59.5720657+01:00" testType="13cdc9d9-ddb5-4fa4-a97d-d965ccfc6d4b" outcome="Passed" testListId="8c84fa94-04c1-424b-9868-57a2d4851a1d" relativeResultsDirectory="c7b22269-bf75-4d9a-bc9e-2d565fc8b62e" />
    <UnitTestResult executionId="4d81a7bf-23ea-4399-aa89-c5407c32609f" testId="534e2adf-2861-bd29-8c21-4c623059ba8c" testName="LinesRead newline counting scenarios (sync + async)(mode: Async, scenarioName: &quot;ConsecutiveCRLFNoBlankRecords&quot;, expectedRows: 2, expectedLinesRead: 3, content: &quot;\&quot;Id\&quot;,\&quot;Val\&quot;\r\n1,\&quot;A\&quot;\r\n2,\&quot;B\&quot;\r\n&quot;)" computerName="FLASH" duration="00:00:00.0062528" startTime="2026-02-07T20:22:59.6408913+01:00" endTime="2026-02-07T20:22:59.6408916+01:00" testType="13cdc9d9-ddb5-4fa4-a97d-d965ccfc6d4b" outcome="Passed" testListId="8c84fa94-04c1-424b-9868-57a2d4851a1d" relativeResultsDirectory="4d81a7bf-23ea-4399-aa89-c5407c32609f" />
    <UnitTestResult executionId="d35fc8d3-e6ba-4a63-9297-50df3728c356" testId="0514cf66-4c65-e5a3-b836-5b46fe55bd90" testName="DataFlow.Data.Tests.Csv.CsvErrorRecoveryTests.CsvSync_QuotedFieldSplitAcrossChunks(chunkSize: 5)" computerName="FLASH" duration="00:00:00.0072133" startTime="2026-02-07T20:22:59.3362089+01:00" endTime="2026-02-07T20:22:59.3362091+01:00" testType="13cdc9d9-ddb5-4fa4-a97d-d965ccfc6d4b" outcome="Passed" testListId="8c84fa94-04c1-424b-9868-57a2d4851a1d" relativeResultsDirectory="d35fc8d3-e6ba-4a63-9297-50df3728c356" />
    <UnitTestResult executionId="8a69e4d1-f02b-455a-97a4-9fc5eb0d1a17" testId="69a8ed0a-3bcd-6e53-99db-fb2eddd6e163" testName="DataFlow.Data.Tests.Cross.CancellationTests.Yaml_Cancel_SingleDocument_ThrowsOperationCanceled" computerName="FLASH" duration="00:00:00.0106962" startTime="2026-02-07T20:23:00.1222877+01:00" endTime="2026-02-07T20:23:00.1222883+01:00" testType="13cdc9d9-ddb5-4fa4-a97d-d965ccfc6d4b" outcome="Passed" testListId="8c84fa94-04c1-424b-9868-57a2d4851a1d" relativeResultsDirectory="8a69e4d1-f02b-455a-97a4-9fc5eb0d1a17" />
    <UnitTestResult executionId="c32249a2-e7ae-4041-8d5d-8df05dbf902c" testId="905d944c-5ca6-cc3a-1e6e-9fa5a31a0ddc" testName="DataFlow.Data.Tests.Csv.CsvErrorRecoveryTests.CsvSync_Unicode_ChunkedAcrossCharBoundary(chunkSize: 1)" computerName="FLASH" duration="00:00:00.0008697" startTime="2026-02-07T20:22:59.6098543+01:00" endTime="2026-02-07T20:22:59.6098544+01:00" testType="13cdc9d9-ddb5-4fa4-a97d-d965ccfc6d4b" outcome="Passed" testListId="8c84fa94-04c1-424b-9868-57a2d4851a1d" relativeResultsDirectory="c32249a2-e7ae-4041-8d5d-8df05dbf902c" />
    <UnitTestResult executionId="49422035-6e8b-47ae-be5c-5072f460cc9a" testId="05187a5a-15f4-645e-d378-f98e47431bdb" testName="LinesRead newline counting scenarios (sync + async)(mode: Sync, scenarioName: &quot;MultipleEmbeddedNewlines&quot;, expectedRows: 3, expectedLinesRead: 6, content: &quot;Id,Text\n1,\&quot;A\nB\nC\&quot;\n2,\&quot;D\nE\&quot;\n3,\&quot;Tail\&quot;&quot;)" computerName="FLASH" duration="00:00:00.0019131" startTime="2026-02-07T20:22:59.6494671+01:00" endTime="2026-02-07T20:22:59.6494672+01:00" testType="13cdc9d9-ddb5-4fa4-a97d-d965ccfc6d4b" outcome="Passed" testListId="8c84fa94-04c1-424b-9868-57a2d4851a1d" relativeResultsDirectory="49422035-6e8b-47ae-be5c-5072f460cc9a" />
    <UnitTestResult executionId="eb166983-8b00-4870-a1d9-d903c59ca1c2" testId="bc1ddd93-0902-b3c5-a5da-e566d4ee3886" testName="DataFlow.Data.Tests.ReadLayerCoverageTests.Json_OnErrorProperty_SkipsAndCollectsErrors" computerName="FLASH" duration="00:00:00.0035428" startTime="2026-02-07T20:22:59.5260460+01:00" endTime="2026-02-07T20:22:59.5260463+01:00" testType="13cdc9d9-ddb5-4fa4-a97d-d965ccfc6d4b" outcome="Passed" testListId="8c84fa94-04c1-424b-9868-57a2d4851a1d" relativeResultsDirectory="eb166983-8b00-4870-a1d9-d903c59ca1c2" />
    <UnitTestResult executionId="2bb434c8-1a5f-4773-bfa6-734617058705" testId="2a0d66cc-a0de-a77d-ae46-7046644255c6" testName="DataFlow.Data.Tests.Csv.SmartDecimalParsingTests.CsvSync_EuropeanFile_NoConfig_ParsesCorrectly" computerName="FLASH" duration="00:00:00.0058849" startTime="2026-02-07T20:22:59.4282442+01:00" endTime="2026-02-07T20:22:59.4282446+01:00" testType="13cdc9d9-ddb5-4fa4-a97d-d965ccfc6d4b" outcome="Passed" testListId="8c84fa94-04c1-424b-9868-57a2d4851a1d" relativeResultsDirectory="2bb434c8-1a5f-4773-bfa6-734617058705" />
    <UnitTestResult executionId="f4be71a4-a6e6-495e-8d29-b8ab7744143e" testId="8579c7d2-ba6d-e8a1-c091-13b559f9bba7" testName="DataFlow.Data.Tests.Json.JsonParserEdgeCaseTests.JsonSync_NumericBoundaries_Works" computerName="FLASH" duration="00:00:00.0012301" startTime="2026-02-07T20:22:59.3140955+01:00" endTime="2026-02-07T20:22:59.3140956+01:00" testType="13cdc9d9-ddb5-4fa4-a97d-d965ccfc6d4b" outcome="Passed" testListId="8c84fa94-04c1-424b-9868-57a2d4851a1d" relativeResultsDirectory="f4be71a4-a6e6-495e-8d29-b8ab7744143e" />
    <UnitTestResult executionId="f1b2c5b8-9237-45ea-b2b9-adb9374b0c6a" testId="a97f5948-feda-6464-c763-18f6cb111a88" testName="DataFlow.Data.Tests.ReadLayerCoverageTests.JsonSync_LargeArray_HandlesManyItems" computerName="FLASH" duration="00:00:00.0072817" startTime="2026-02-07T20:22:59.5222740+01:00" endTime="2026-02-07T20:22:59.5222743+01:00" testType="13cdc9d9-ddb5-4fa4-a97d-d965ccfc6d4b" outcome="Passed" testListId="8c84fa94-04c1-424b-9868-57a2d4851a1d" relativeResultsDirectory="f1b2c5b8-9237-45ea-b2b9-adb9374b0c6a" />
    <UnitTestResult executionId="eb5e91d1-e2b5-4263-9900-2e4b431a4ba9" testId="98399b8e-181d-5b08-4aa6-f155d98c73a6" testName="DataFlow.Data.Tests.AdditionalReadTests.Json_SingleObject_WhenAllowed_ReadsSingle" computerName="FLASH" duration="00:00:00.0023618" startTime="2026-02-07T20:22:59.4982662+01:00" endTime="2026-02-07T20:22:59.4982664+01:00" testType="13cdc9d9-ddb5-4fa4-a97d-d965ccfc6d4b" outcome="Passed" testListId="8c84fa94-04c1-424b-9868-57a2d4851a1d" relativeResultsDirectory="eb5e91d1-e2b5-4263-9900-2e4b431a4ba9" />
    <UnitTestResult executionId="6ebf0c9f-4f8c-4f25-8016-130ab59061eb" testId="a72d7f65-a00a-1b18-de45-b20c3718705d" testName="DataFlow.Data.Tests.AdditionalReadTests.CsvSync_AllowExtraFields_IgnoresExtra" computerName="FLASH" duration="00:00:00.0066064" startTime="2026-02-07T20:22:59.4524369+01:00" endTime="2026-02-07T20:22:59.4524373+01:00" testType="13cdc9d9-ddb5-4fa4-a97d-d965ccfc6d4b" outcome="Passed" testListId="8c84fa94-04c1-424b-9868-57a2d4851a1d" relativeResultsDirectory="6ebf0c9f-4f8c-4f25-8016-130ab59061eb" />
    <UnitTestResult executionId="9a101577-a321-4c3c-b70f-0e0a2cf30f6b" testId="1fb241d3-9cde-0346-dc93-89c685ed7b11" testName="DataFlow.Data.Tests.Csv.CsvErrorRecoveryTests.CsvSync_WithChunkedStream_ParsesCorrectly(chunkSize: 4)" computerName="FLASH" duration="00:00:00.0003121" startTime="2026-02-07T20:22:59.6089647+01:00" endTime="2026-02-07T20:22:59.6089648+01:00" testType="13cdc9d9-ddb5-4fa4-a97d-d965ccfc6d4b" outcome="Passed" testListId="8c84fa94-04c1-424b-9868-57a2d4851a1d" relativeResultsDirectory="9a101577-a321-4c3c-b70f-0e0a2cf30f6b" />
[...]
    <TestEntry testId="6f317eb0-35b8-f231-db45-21ca95ea181f" executionId="f8acbed5-5626-4adb-934b-b5b2bc500bad" testListId="8c84fa94-04c1-424b-9868-57a2d4851a1d" />
    <TestEntry testId="85c67b57-9d59-3243-fa9d-24f651f00cb3" executionId="20ab3fb0-9e5b-4462-a92d-e702bc6dd5d7" testListId="8c84fa94-04c1-424b-9868-57a2d4851a1d" />
    <TestEntry testId="dc672eec-59c6-b347-f3bd-a68da250b85e" executionId="3b441a85-eb00-4faa-835c-de646a5c9346" testListId="8c84fa94-04c1-424b-9868-57a2d4851a1d" />
    <TestEntry testId="370fb2b3-1d72-82a4-9be3-cb1b22620d40" executionId="cd282993-56be-42b5-a062-ef326c81b859" testListId="8c84fa94-04c1-424b-9868-57a2d4851a1d" />
    <TestEntry testId="c897a44d-2537-5245-835f-ab3caa4637cf" executionId="9761a44a-7613-4e27-9318-82b18c8df104" testListId="8c84fa94-04c1-424b-9868-57a2d4851a1d" />
    <TestEntry testId="8e480064-1741-f0de-9b44-6019a80a4040" executionId="18776c86-214d-44ed-83d1-c699e84c80d0" testListId="8c84fa94-04c1-424b-9868-57a2d4851a1d" />
    <TestEntry testId="b1423a2b-4d0f-77ce-7866-8416f300b563" executionId="7c74cb9e-723e-4d57-b855-4cfcb3039211" testListId="8c84fa94-04c1-424b-9868-57a2d4851a1d" />
    <TestEntry testId="78b32358-d390-2e2c-a0cd-c21e6e9a0ef1" executionId="b3270237-b0ed-4c60-b76e-9d85b1ccc43d" testListId="8c84fa94-04c1-424b-9868-57a2d4851a1d" />
    <TestEntry testId="b25101fd-dbf5-f130-288e-424668a47896" executionId="10c34052-d6b5-44e6-8821-06db4400b66d" testListId="8c84fa94-04c1-424b-9868-57a2d4851a1d" />
    <TestEntry testId="6c7e59f9-f0c1-07bb-b50e-e1f0bc33c858" executionId="c8bbd2e2-d932-472c-8251-8159e8a3aded" testListId="8c84fa94-04c1-424b-9868-57a2d4851a1d" />
    <TestEntry testId="67448c67-c0bc-0f34-39ad-6a5a31c7ea16" executionId="301e1371-c2d5-4ebb-9aa5-2bc0101d5999" testListId="8c84fa94-04c1-424b-9868-57a2d4851a1d" />
    <TestEntry testId="e4399b2a-3ecb-17e5-8c72-c4b40263e452" executionId="e35bd8ec-0348-4ce0-b5d6-229b5edf99e6" testListId="8c84fa94-04c1-424b-9868-57a2d4851a1d" />
    <TestEntry testId="7ca48b6a-1330-a2b0-5a55-30d26174d038" executionId="50f2c95c-444b-4bd9-9f59-3893d7cb9bd9" testListId="8c84fa94-04c1-424b-9868-57a2d4851a1d" />
    <TestEntry testId="30388aa3-0b64-9ef2-f189-1744f0d792ab" executionId="a72ec323-240e-46f7-a2f6-00ec1c39fa77" testListId="8c84fa94-04c1-424b-9868-57a2d4851a1d" />
    <TestEntry testId="27cd7883-4693-5c90-5aee-8c127f0b62f1" executionId="eefa9e1d-5d1a-4112-a477-989368529a2e" testListId="8c84fa94-04c1-424b-9868-57a2d4851a1d" />
    <TestEntry testId="ea1f563b-37aa-f13c-9298-b0ffaa48153a" executionId="abc87689-03f9-4ff8-93bd-bedc90b6de2e" testListId="8c84fa94-04c1-424b-9868-57a2d4851a1d" />
    <TestEntry testId="a31f396d-796a-ca39-3259-b0d424884a57" executionId="6430304f-c407-47c0-a4c7-99fb160cb689" testListId="8c84fa94-04c1-424b-9868-57a2d4851a1d" />
    <TestEntry testId="49be4707-3762-5045-9641-016c82f19b52" executionId="e06a24ac-d3f5-4987-b089-7fc1bbd39b9d" testListId="8c84fa94-04c1-424b-9868-57a2d4851a1d" />
    <TestEntry testId="21dd1437-3848-1e41-231f-8563b7f57411" executionId="a9fc44ad-9943-47da-a5ec-f160b9287937" testListId="8c84fa94-04c1-424b-9868-57a2d4851a1d" />
    <TestEntry testId="07b76110-3db6-d6e6-0e4d-f6fd7ff530f8" executionId="348be502-6c1c-48c7-8d2e-62352216df37" testListId="8c84fa94-04c1-424b-9868-57a2d4851a1d" />
    <TestEntry testId="3701098a-0651-64e6-4b7c-6caff123a9f3" executionId="864c7fb1-0ad0-4155-b16c-27d42f1113bf" testListId="8c84fa94-04c1-424b-9868-57a2d4851a1d" />
    <TestEntry testId="314cd170-1a11-ea38-5aa0-e810819f59b9" executionId="d77d0cf4-2e90-46cc-9629-4c84aea92aa8" testListId="8c84fa94-04c1-424b-9868-57a2d4851a1d" />
    <TestEntry testId="c2c8a2c8-f798-97b7-918d-44eccfa00bed" executionId="9162fc5d-0459-49c7-9770-d1e481b606ed" testListId="8c84fa94-04c1-424b-9868-57a2d4851a1d" />
    <TestEntry testId="17fa33bc-8ac6-b914-0e7f-3eed123cc9aa" executionId="a0748b61-3f1d-4bb9-87b8-0ebdfdc11532" testListId="8c84fa94-04c1-424b-9868-57a2d4851a1d" />
    <TestEntry testId="7793dd6a-ec53-62e0-785c-f3697a7c2c64" executionId="f3695bb2-1b5b-423d-9eb5-fc1e2f153d28" testListId="8c84fa94-04c1-424b-9868-57a2d4851a1d" />
    <TestEntry testId="6961af84-110a-edc8-1916-dc77174b8e18" executionId="bba31810-8826-4094-aefa-5a8ba651062b" testListId="8c84fa94-04c1-424b-9868-57a2d4851a1d" />
    <TestEntry testId="246f0017-00e5-7204-534b-dbf33630ca02" executionId="74a28618-cabe-4e54-bf6b-9228fa222e7e" testListId="8c84fa94-04c1-424b-9868-57a2d4851a1d" />
    <TestEntry testId="4932c649-cce7-9f63-5f78-cf334fe81fb4" executionId="2cdda42f-be84-4a91-a16d-c6944005ffdd" testListId="8c84fa94-04c1-424b-9868-57a2d4851a1d" />
    <TestEntry testId="80a32c5a-c42c-0daf-147a-05019f2e6d67" executionId="a808da20-141e-4b88-bc95-530bb21c60c0" testListId="8c84fa94-04c1-424b-9868-57a2d4851a1d" />
    <TestEntry testId="dcfbdd6e-a43d-837d-b3d2-5d2eca7955f7" executionId="a29e5204-26d3-4d94-b98e-1196f9ca8609" testListId="8c84fa94-04c1-424b-9868-57a2d4851a1d" />
    <TestEntry testId="f3b8baf1-8ae8-61a6-60a3-41889678c713" executionId="0eece2eb-90d8-4ca4-bf1a-0451f2fb6de1" testListId="8c84fa94-04c1-424b-9868-57a2d4851a1d" />
    <TestEntry testId="48f2cbb7-eff9-335c-aa11-b7a54efebe9b" executionId="df16de2a-c6c6-4491-aa3f-e55e0a26245f" testListId="8c84fa94-04c1-424b-9868-57a2d4851a1d" />
    <TestEntry testId="b42cd720-7458-9966-f17d-d0b8521809b9" executionId="6e7c13a4-71d3-4496-8646-2d27fdb59e7e" testListId="8c84fa94-04c1-424b-9868-57a2d4851a1d" />
    <TestEntry testId="654576fa-e985-3ebf-b8df-4afcd562c07a" executionId="489eee3f-682a-4315-86af-9cfd74d324ed" testListId="8c84fa94-04c1-424b-9868-57a2d4851a1d" />
    <TestEntry testId="cd3dc333-06e5-23f3-b2fd-b445b8df8cd7" executionId="66378f46-b084-4c4b-99c5-9bdc3ebba60c" testListId="8c84fa94-04c1-424b-9868-57a2d4851a1d" />
    <TestEntry testId="d1ef8401-6509-9696-1dac-baba557f42e2" executionId="dedfc800-b01c-477f-9da2-22916c11aef3" testListId="8c84fa94-04c1-424b-9868-57a2d4851a1d" />
    <TestEntry testId="fd1955a5-ef51-318b-aae6-a85f04666684" executionId="3da18512-53a1-404d-9834-a8ca23133612" testListId="8c84fa94-04c1-424b-9868-57a2d4851a1d" />
    <TestEntry testId="baac5ded-065c-2b7a-d4bd-74b84dfbd54a" executionId="5e10c641-2976-47a5-bb3e-55d96f1836fe" testListId="8c84fa94-04c1-424b-9868-57a2d4851a1d" />
    <TestEntry testId="b62bafe6-b2d2-2d6a-7351-fd65aa99b831" executionId="e623de53-b9ef-4b3a-9655-8cbd0e2c16b5" testListId="8c84fa94-04c1-424b-9868-57a2d4851a1d" />
    <TestEntry testId="a7ed886a-a0cd-2b91-ba90-de96caf69032" executionId="c8d430a6-911d-4956-b57e-cd4dfb191f39" testListId="8c84fa94-04c1-424b-9868-57a2d4851a1d" />
    <TestEntry testId="ba041204-c53e-02ac-d333-7ab4a10a9d0f" executionId="32746980-9cb7-4da6-9f98-63820ba7eddb" testListId="8c84fa94-04c1-424b-9868-57a2d4851a1d" />
    <TestEntry testId="9c0ad3d7-76a2-0f86-7135-8d7926286694" executionId="15e6f923-a85d-4b66-95d6-ac67978bacb6" testListId="8c84fa94-04c1-424b-9868-57a2d4851a1d" />
    <TestEntry testId="b1090ec6-16d8-214a-6a03-3d827ad523ac" executionId="77e31135-c295-475b-b064-39c18dc7ecb3" testListId="8c84fa94-04c1-424b-9868-57a2d4851a1d" />
    <TestEntry testId="35d7cfc8-251d-3970-0d48-744ea2f5fd7b" executionId="1d125083-7b7c-49c6-b7cd-a9dc894dc540" testListId="8c84fa94-04c1-424b-9868-57a2d4851a1d" />
    <TestEntry testId="d79e99f3-5f8f-c7ae-233a-beb64666e18f" executionId="7f0af2ec-069d-4d3a-a18f-1ad02c5e22d4" testListId="8c84fa94-04c1-424b-9868-57a2d4851a1d" />
    <TestEntry testId="311ca171-5ec9-56cf-2de7-7e2c1defb229" executionId="ba13ea05-e9bc-48de-9b77-13ddd4efe846" testListId="8c84fa94-04c1-424b-9868-57a2d4851a1d" />
    <TestEntry testId="eca5fb21-31e6-72b6-e561-f3b6377c2aa6" executionId="95fc0118-b3a1-4eb7-b319-65bbb2cb7b21" testListId="8c84fa94-04c1-424b-9868-57a2d4851a1d" />
    <TestEntry testId="b9c44b52-433f-7aa7-caa2-983449aed1cf" executionId="cc84a2de-c418-4182-87c4-c66928839ab5" testListId="8c84fa94-04c1-424b-9868-57a2d4851a1d" />
    <TestEntry testId="934bb9f3-18f4-208d-2ad3-1c66ad4655c2" executionId="7c24f405-0b1f-4859-bbcc-dda5487fe980" testListId="8c84fa94-04c1-424b-9868-57a2d4851a1d" />
    <TestEntry testId="fb1fe6c0-9dbd-60db-ef57-ae7879e4eae0" executionId="22db43d1-fae8-4c8e-93ea-93fe2f01f5e3" testListId="8c84fa94-04c1-424b-9868-57a2d4851a1d" />
    <TestEntry testId="9b882c7c-1b06-dd8a-9c65-dfa7d708a4f6" executionId="ab6a5998-5767-400f-a1a5-7e21f768c680" testListId="8c84fa94-04c1-424b-9868-57a2d4851a1d" />
    <TestEntry testId="0876781a-58eb-5a70-aa35-0b52fb18bebb" executionId="cc99b4a4-154a-4cae-a4e5-30150fdfb0e2" testListId="8c84fa94-04c1-424b-9868-57a2d4851a1d" />
    <TestEntry testId="a938e2ef-7c15-3f2a-6b21-f9f2eba09e1c" executionId="1aee030c-7127-43b2-bb10-5506e1ef8a4e" testListId="8c84fa94-04c1-424b-9868-57a2d4851a1d" />
    <TestEntry testId="74f1c76b-1914-9865-8270-8429109b22fc" executionId="61ed06b0-8711-4792-a761-0430492ba47a" testListId="8c84fa94-04c1-424b-9868-57a2d4851a1d" />
    <TestEntry testId="435aee97-c260-d9e2-0767-b8be35f8223b" executionId="b9a7e54c-830b-44b7-9a3c-182a45a6ef9a" testListId="8c84fa94-04c1-424b-9868-57a2d4851a1d" />
    <TestEntry testId="2d8fd1ef-70c8-41c5-6e3b-6e2ae2dac58a" executionId="eaab49f1-aedc-4349-b758-59ffe3963da8" testListId="8c84fa94-04c1-424b-9868-57a2d4851a1d" />
    <TestEntry testId="94519643-188a-0214-805a-97778ef0705d" executionId="dda7038d-4629-4f44-933c-63a4189fa976" testListId="8c84fa94-04c1-424b-9868-57a2d4851a1d" />
    <TestEntry testId="8a462a6d-7958-16e2-2578-fe965b18ff1a" executionId="7127c4db-d01a-4c49-b358-9b4bee5d0f1c" testListId="8c84fa94-04c1-424b-9868-57a2d4851a1d" />
    <TestEntry testId="68ecf8d3-c9a2-3f4f-7032-9beecae1d4fa" executionId="644a1280-2df1-46df-9681-50050a699265" testListId="8c84fa94-04c1-424b-9868-57a2d4851a1d" />
    <TestEntry testId="7a7d6eaa-b6e2-52a1-602c-e3def505a58d" executionId="1fbfce16-bdfd-4951-a657-3e9fedac017c" testListId="8c84fa94-04c1-424b-9868-57a2d4851a1d" />
    <TestEntry testId="dd6b3ad3-9748-4313-70d0-0dfc4fe7b2c8" executionId="b993b526-c62e-4dba-aa8d-ad2de8440a50" testListId="8c84fa94-04c1-424b-9868-57a2d4851a1d" />
    <TestEntry testId="7a005e7e-4dde-2b58-9b93-19460398c9af" executionId="a21d4d2a-1f63-48f4-990e-01d2197a2081" testListId="8c84fa94-04c1-424b-9868-57a2d4851a1d" />
    <TestEntry testId="0954c92c-71f6-331b-f46a-32db2b865637" executionId="f48d9b1c-ca85-4413-b096-a69816ebba91" testListId="8c84fa94-04c1-424b-9868-57a2d4851a1d" />
    <TestEntry testId="36e1dd68-d102-f63e-6eff-1bd0c615f6a7" executionId="40ede736-a587-4a5d-9520-237bbd6c4884" testListId="8c84fa94-04c1-424b-9868-57a2d4851a1d" />
    <TestEntry testId="d4106c3b-bceb-b237-b1c8-d98976e53b84" executionId="a68bff4c-4610-4dd1-a14b-d32a772f26f2" testListId="8c84fa94-04c1-424b-9868-57a2d4851a1d" />
    <TestEntry testId="33b6c4d4-f033-9444-3b16-d92d60722528" executionId="6946cef3-4ac9-4062-9ea0-0b58ed4f5967" testListId="8c84fa94-04c1-424b-9868-57a2d4851a1d" />
    <TestEntry testId="b0abb34b-4379-22a4-f5c2-72f20a608eda" executionId="ccfd7e77-287a-4306-8206-29fa8a55427b" testListId="8c84fa94-04c1-424b-9868-57a2d4851a1d" />
    <TestEntry testId="822e9629-6f87-8f93-5572-33468f6372cc" executionId="7120c09e-7aea-4937-b105-b8de6d682581" testListId="8c84fa94-04c1-424b-9868-57a2d4851a1d" />
    <TestEntry testId="69888cd0-63b2-eaca-c178-5b769a9da45f" executionId="f49d706e-846f-404b-8656-72543efe1a9c" testListId="8c84fa94-04c1-424b-9868-57a2d4851a1d" />
    <TestEntry testId="8a214d8d-cea4-fe1e-ec56-59bb45a72dc1" executionId="d35852d3-ed80-4375-80fc-41056fad860c" testListId="8c84fa94-04c1-424b-9868-57a2d4851a1d" />
    <TestEntry testId="3a7ecba1-b385-8ae5-3d3a-db9acbc8e1db" executionId="09c66d2a-a5e7-4e1f-9268-aff486b88064" testListId="8c84fa94-04c1-424b-9868-57a2d4851a1d" />
    <TestEntry testId="dc9c59cf-4360-9d8e-d597-782e68c63c06" executionId="0b586c6d-9b75-43df-b3e7-7c313cecef50" testListId="8c84fa94-04c1-424b-9868-57a2d4851a1d" />
    <TestEntry testId="c9f851ed-e2f7-4bc6-9b5c-4affaf6d235c" executionId="24c6f510-fd5a-4916-910e-3336197fb718" testListId="8c84fa94-04c1-424b-9868-57a2d4851a1d" />
    <TestEntry testId="1dd51710-285f-59ff-b55c-922277884cd1" executionId="5e781d6d-f569-43ee-850f-da6d85949e0a" testListId="8c84fa94-04c1-424b-9868-57a2d4851a1d" />
    <TestEntry testId="894855e7-e534-39a4-2bd3-f651e13f0641" executionId="e801bfe5-ca5c-432c-ab40-de3e727621db" testListId="8c84fa94-04c1-424b-9868-57a2d4851a1d" />
    <TestEntry testId="5802828a-4c43-d09d-5374-fdf2b17a917d" executionId="8c81f25e-8037-426c-a2b5-2dc78b91a880" testListId="8c84fa94-04c1-424b-9868-57a2d4851a1d" />
    <TestEntry testId="cdbfdec1-461f-644e-ffe4-ee49951cb1e0" executionId="e58c718e-f35f-4015-b5a7-ec7315768db3" testListId="8c84fa94-04c1-424b-9868-57a2d4851a1d" />
    <TestEntry testId="caf0c8d4-e422-d5a2-65f2-319cfe5e612b" executionId="96d4f2ea-ea8c-49b5-b322-d9bf81f308e1" testListId="8c84fa94-04c1-424b-9868-57a2d4851a1d" />
    <TestEntry testId="13a3db1f-33a2-c9aa-15ab-2e380eccf9fc" executionId="17b2628a-498e-4c3c-91e0-bd699d4ac516" testListId="8c84fa94-04c1-424b-9868-57a2d4851a1d" />
    <TestEntry testId="4971ee53-7dc9-b20c-12ec-31b6c83569b2" executionId="209cade9-9cac-4119-9f24-14c518336011" testListId="8c84fa94-04c1-424b-9868-57a2d4851a1d" />
    <TestEntry testId="7acd4619-24e0-d67a-302e-31bfd104ed3f" executionId="e1746c40-3042-4caa-a29c-663559c3cf6e" testListId="8c84fa94-04c1-424b-9868-57a2d4851a1d" />
    <TestEntry testId="4665ad40-b4a1-12f1-7242-b46d26367c48" executionId="1bd14221-cbb8-4cf2-8ca5-8f61ca948c6e" testListId="8c84fa94-04c1-424b-9868-57a2d4851a1d" />
    <TestEntry testId="ed177d35-b333-a416-9be3-4c2daec1aa28" executionId="a18da1ee-4f79-4e44-9bee-52c2c1e804ec" testListId="8c84fa94-04c1-424b-9868-57a2d4851a1d" />
    <TestEntry testId="1aee485d-c9a9-4f25-657e-27f6e15e8cf3" executionId="aeb7bd19-7ae8-41d1-99f5-6d7a007d958a" testListId="8c84fa94-04c1-424b-9868-57a2d4851a1d" />
    <TestEntry testId="5a8a82c0-6804-9100-3594-8de01a0247f0" executionId="2a304084-f984-4872-af05-49ff9d8beac5" testListId="8c84fa94-04c1-424b-9868-57a2d4851a1d" />
    <TestEntry testId="f0687786-4f25-412c-3a71-ee5af90b00c1" executionId="ae612f62-0638-486c-84d0-a8106822c87e" testListId="8c84fa94-04c1-424b-9868-57a2d4851a1d" />
    <TestEntry testId="fe2e1f6d-0383-382b-441d-2346ddc1fe58" executionId="e0bd2ff1-932d-43f3-9de8-8380cce2a3b5" testListId="8c84fa94-04c1-424b-9868-57a2d4851a1d" />
    <TestEntry testId="bd643e3d-3bd2-1759-8911-21af12b56b6b" executionId="e55400ec-1dd7-4201-bb7b-0fc0ad738606" testListId="8c84fa94-04c1-424b-9868-57a2d4851a1d" />
    <TestEntry testId="f3a01077-8398-0e55-0d60-edee9d328ba7" executionId="b78dc44b-f125-4b96-90af-c60024cba486" testListId="8c84fa94-04c1-424b-9868-57a2d4851a1d" />
    <TestEntry testId="ec9a4b0c-eb1b-9376-2422-8e0ed16a56c3" executionId="1aa9d85d-4514-4b99-9d35-ece0369e52ac" testListId="8c84fa94-04c1-424b-9868-57a2d4851a1d" />
    <TestEntry testId="01edf8b2-4456-d5e3-438a-a5d37672fb11" executionId="a9aaf0aa-0c94-48e0-81ee-3fe9ea1d3888" testListId="8c84fa94-04c1-424b-9868-57a2d4851a1d" />
    <TestEntry testId="2960684c-dcf9-7d46-cf50-d2182988d6df" executionId="7621a951-50e0-4ff6-ad04-a9b8a36c3249" testListId="8c84fa94-04c1-424b-9868-57a2d4851a1d" />
    <TestEntry testId="532ed20d-782a-0a26-d400-8b377a07244b" executionId="f7159265-2725-452d-982c-ad719aa9ad42" testListId="8c84fa94-04c1-424b-9868-57a2d4851a1d" />
    <TestEntry testId="926250dd-19cb-febb-f0ac-738c9e443d8c" executionId="af0e3d09-2094-44ab-ac9b-88e655422f89" testListId="8c84fa94-04c1-424b-9868-57a2d4851a1d" />
    <TestEntry testId="98bfb457-0a29-292c-ec40-0b7647684a64" executionId="9c969f90-daea-44de-b5d7-4d3c3edc1a77" testListId="8c84fa94-04c1-424b-9868-57a2d4851a1d" />
    <TestEntry testId="50f64007-f50c-8759-f208-0ee3448a3184" executionId="e3f7ecbb-3fe6-480a-9f51-29c6ea8a4c82" testListId="8c84fa94-04c1-424b-9868-57a2d4851a1d" />
    <TestEntry testId="8512771a-f6d9-5c48-d7cf-429b16139e6c" executionId="77fb7757-f496-49ac-a846-df92c3c66aa0" testListId="8c84fa94-04c1-424b-9868-57a2d4851a1d" />
    <TestEntry testId="7b30ba7d-45e8-68bb-c799-5b7928add451" executionId="8707cb7a-4fc5-4810-910f-cbd84044db22" testListId="8c84fa94-04c1-424b-9868-57a2d4851a1d" />
    <TestEntry testId="9fb2696a-8edf-6d9f-148c-88bcfa62b3ab" executionId="2fa2921e-820a-4879-8138-1258082e0550" testListId="8c84fa94-04c1-424b-9868-57a2d4851a1d" />
    <TestEntry testId="5acbee0a-ff81-82c4-e5ba-c867f7ebf473" executionId="c11db6c5-d293-4d91-bef7-3bc79a1cbf06" testListId="8c84fa94-04c1-424b-9868-57a2d4851a1d" />
    <TestEntry testId="dcb9abd5-d8ea-6690-2841-b4bb04d762ef" executionId="ab492a2a-609d-4a26-9137-21d2c289bcc6" testListId="8c84fa94-04c1-424b-9868-57a2d4851a1d" />
    <TestEntry testId="0c68ed26-c7cf-c1de-42a2-434271ceb10b" executionId="e301094e-000d-47a9-9047-af61bb13c528" testListId="8c84fa94-04c1-424b-9868-57a2d4851a1d" />
    <TestEntry testId="2c8cbced-b4a5-db7d-0391-1724f8db1ac7" executionId="f933a012-1fff-40a6-99a1-c5316ecd28a3" testListId="8c84fa94-04c1-424b-9868-57a2d4851a1d" />
    <TestEntry testId="d4d36a8b-47df-31af-6093-01169ec5246e" executionId="2d1988f4-cae0-4514-a3c4-12fd0721552f" testListId="8c84fa94-04c1-424b-9868-57a2d4851a1d" />
    <TestEntry testId="b82dfdc8-2ca4-ddf8-d975-b9d1f264df9d" executionId="4fdac0a7-5093-4ec5-b973-d1d24115e09f" testListId="8c84fa94-04c1-424b-9868-57a2d4851a1d" />
  </TestEntries>
  <TestLists>
    <TestList name="Les résultats ne figurent pas dans une liste" id="8c84fa94-04c1-424b-9868-57a2d4851a1d" />
    <TestList name="Tous les résultats chargés" id="19431567-8539-422a-85d7-44ee4e166bda" />
  </TestLists>
  <ResultSummary outcome="Failed">
    <Counters total="360" executed="360" passed="358" failed="2" error="0" timeout="0" aborted="0" inconclusive="0" passedButRunAborted="0" notRunnable="0" notExecuted="0" disconnected="0" warning="0" completed="0" inProgress="0" pending="0" />
    <Output>
      <StdOut>[xUnit.net 00:00:00.00] xUnit.net VSTest Adapter v2.5.3.1+6b60a9e56a (64-bit .NET 8.0.22)&#xD;
[xUnit.net 00:00:00.22]   Discovering: DataFlow.Data.Tests&#xD;
[xUnit.net 00:00:00.43]   Discovered:  DataFlow.Data.Tests&#xD;
[xUnit.net 00:00:00.44]   Starting:    DataFlow.Data.Tests&#xD;
[xUnit.net 00:00:00.84]       Expected at least one progress event.&#xD;
[xUnit.net 00:00:00.84]       Stack Trace:&#xD;
[xUnit.net 00:00:00.84]         c:\CodeSource\DataFlow\src\UnitTests\DataFlow.Data.Tests\Json\JsonSingleRootValidationTest.cs(200,0): at DataFlow.Data.Tests.Json.JsonSingleRootValidationStreamTests.SingleRoot_LargeObject_Validation_Buffering_Works()&#xD;
[xUnit.net 00:00:00.84]         --- End of stack trace from previous location ---&#xD;
[xUnit.net 00:00:01.33]       Assert.True() Failure&#xD;
[xUnit.net 00:00:01.33]       Expected: True&#xD;
[xUnit.net 00:00:01.33]       Actual:   False&#xD;
[xUnit.net 00:00:01.33]       Stack Trace:&#xD;
[xUnit.net 00:00:01.33]         c:\CodeSource\DataFlow\src\UnitTests\DataFlow.Data.Tests\Text\TextReaderTests.cs(249,0): at DataFlow.Data.Tests.Text.Read_Text_Tests.Progress_TimeGated_FiresEvenWithLargeIntervalsOfRecords()&#xD;
[xUnit.net 00:00:01.33]         --- End of stack trace from previous location ---&#xD;
[xUnit.net 00:00:03.08]   Finished:    DataFlow.Data.Tests&#xD;
</StdOut>
    </Output>
    <RunInfos>
      <RunInfo computerName="FLASH" outcome="Error" timestamp="2026-02-07T20:22:59.4690128+01:00">
        <Text>[xUnit.net 00:00:00.83]     DataFlow.Data.Tests.Json.JsonSingleRootValidationStreamTests.SingleRoot_LargeObject_Validation_Buffering_Works [FAIL]</Text>
      </RunInfo>
      <RunInfo computerName="FLASH" outcome="Error" timestamp="2026-02-07T20:22:59.9601733+01:00">
        <Text>[xUnit.net 00:00:01.33]     DataFlow.Data.Tests.Text.Read_Text_Tests.Progress_TimeGated_FiresEvenWithLargeIntervalsOfRecords [FAIL]</Text>
      </RunInfo>
    </RunInfos>
  </ResultSummary>
</TestRun>